2025-04-16 12:16:42,953 - INFO - Starting post-deployment data restoration
2025-04-16 12:16:43,014 - INFO - Database connection established
2025-04-16 12:16:43,032 - INFO - Database connection established
2025-04-16 12:16:43,032 - INFO - Transaction started
2025-04-16 12:16:43,033 - INFO - Data loaded from migration_data.json
2025-04-16 12:16:43,033 - INFO - Found 1 items for committee_reports
2025-04-16 12:16:43,034 - INFO - Found 1 items for committee_report_ids
2025-04-16 12:16:43,034 - INFO - Found 6 items for member_roll_calls
2025-04-16 12:16:43,034 - INFO - Found 0 items for committee_report_published_actions
2025-04-16 12:16:43,036 - INFO - Found 0 items for published_items
2025-04-16 12:16:43,037 - INFO - Found 2 items for committee_meeting_agenda_items
2025-04-16 12:16:43,037 - INFO - Found 2 items for action_to_agenda_items
2025-04-16 12:16:43,037 - INFO - === PRE-DEPLOYMENT DATA COUNTS (FROM JSON) ===
2025-04-16 12:16:43,037 - INFO - COMMITTEE_REPORTS: 1
2025-04-16 12:16:43,038 - INFO - AGENDA_ITEMS: 2
2025-04-16 12:16:43,038 - INFO - PUBLISHED_AGENDA_ITEMS: 0
2025-04-16 12:16:43,038 - INFO - ROLL_CALLS: 6
2025-04-16 12:16:43,038 - INFO - PUBLISHED_ROLL_CALLS: 0
2025-04-16 12:16:43,039 - INFO - AGENDA_ITEM_ACTIONS: 2
2025-04-16 12:16:43,039 - INFO - PUBLISHED_AGENDA_ITEM_ACTIONS: 0
2025-04-16 12:16:43,039 - INFO - REMOVED_AGENDA_ITEMS: 0
2025-04-16 12:16:43,039 - INFO - LEGISLATION_ITEMS: 1
2025-04-16 12:16:43,039 - INFO - COMMITTEE_ACTIONS: 21
2025-04-16 12:16:43,040 - INFO - Loading CommitteeReportCommitteeActions reference data...
2025-04-16 12:16:43,042 - INFO - Loaded 21 committee actions for reference
2025-04-16 12:16:43,043 - INFO - Updating CommitteeReports table with meeting details...
2025-04-16 12:16:43,052 - INFO - Updated CommitteeReport ID 15032 with meeting details
2025-04-16 12:16:43,052 - INFO - Updated 1 committee reports with meeting details
2025-04-16 12:16:43,052 - INFO - Inserting data into CommitteeReportAgendaItems...
2025-04-16 12:16:43,053 - INFO - Creating set of published agenda item IDs...
2025-04-16 12:16:43,053 - INFO - Found 0 published agenda item IDs
2025-04-16 12:16:43,061 - INFO - Inserted agenda item: reportId: 15032 agendaItemId: 18774 legId: 495
2025-04-16 12:16:43,066 - INFO - Inserted agenda item: reportId: 15032 agendaItemId: 19774 legId: None
2025-04-16 12:16:43,066 - INFO - Inserted 2 agenda items (0 published)
2025-04-16 12:16:43,066 - INFO - Inserting data into CommitteeReportActions...
2025-04-16 12:16:43,074 - INFO - Inserted CommitteeReportAction for agenda item 10, published=False, is_recommendation=0
2025-04-16 12:16:43,076 - INFO - Splitting action for agenda item 19774 into two separate action rows
2025-04-16 12:16:43,086 - INFO - Inserted CommitteeReportAction for agenda item 11, published=False, is_recommendation=1
2025-04-16 12:16:43,096 - INFO - Inserted CommitteeReportAction for agenda item 11, published=False, is_recommendation=0
2025-04-16 12:16:43,096 - INFO - Inserted 3 actions (0 published)
2025-04-16 12:16:43,096 - INFO - Inserting data into CommitteeReportRollCalls...
2025-04-16 12:16:43,103 - INFO - Inserted CommitteeReportRollCall for agenda item 10, published=False
2025-04-16 12:16:43,110 - INFO - Inserted CommitteeReportRollCall for agenda item 10, published=False
2025-04-16 12:16:43,116 - INFO - Inserted CommitteeReportRollCall for agenda item 10, published=False
2025-04-16 12:16:43,123 - INFO - Inserted CommitteeReportRollCall for agenda item 11, published=False
2025-04-16 12:16:43,128 - INFO - Inserted CommitteeReportRollCall for agenda item 11, published=False
2025-04-16 12:16:43,136 - INFO - Inserted CommitteeReportRollCall for agenda item 11, published=False
2025-04-16 12:16:43,136 - INFO - Inserted 6 roll calls (0 published)
2025-04-16 12:16:43,137 - INFO - Transaction committed
2025-04-16 12:16:43,138 - INFO - === POST-DEPLOYMENT DATA COUNTS ===
2025-04-16 12:16:43,138 - INFO - COMMITTEE_REPORTS: 1
2025-04-16 12:16:43,138 - INFO - AGENDA_ITEMS: 2
2025-04-16 12:16:43,138 - INFO - PUBLISHED_AGENDA_ITEMS: 0
2025-04-16 12:16:43,138 - INFO - ROLL_CALLS: 6
2025-04-16 12:16:43,139 - INFO - PUBLISHED_ROLL_CALLS: 0
2025-04-16 12:16:43,139 - INFO - AGENDA_ITEM_ACTIONS: 3
2025-04-16 12:16:43,139 - INFO - PUBLISHED_AGENDA_ITEM_ACTIONS: 0
2025-04-16 12:16:43,139 - INFO - REMOVED_AGENDA_ITEMS: 0
2025-04-16 12:16:43,139 - INFO - MEETINGS_WITHOUT_AGENDA_ITEMS: 0
2025-04-16 12:16:43,140 - INFO - === DATA MIGRATION COMPARISON (POST vs PRE) ===
2025-04-16 12:16:43,140 - INFO - COMMITTEE_REPORTS: PRE=1, POST=1, DIFF=0 - MATCHED
2025-04-16 12:16:43,140 - INFO - AGENDA_ITEMS: PRE=2, POST=2, DIFF=0 - MATCHED
2025-04-16 12:16:43,140 - INFO - PUBLISHED_AGENDA_ITEMS: PRE=0, POST=0, DIFF=0 - MATCHED
2025-04-16 12:16:43,140 - INFO - ROLL_CALLS: PRE=6, POST=6, DIFF=0 - MATCHED
2025-04-16 12:16:43,140 - INFO - PUBLISHED_ROLL_CALLS: PRE=0, POST=0, DIFF=0 - MATCHED
2025-04-16 12:16:43,141 - INFO - AGENDA_ITEM_ACTIONS: PRE=2, POST=3, DIFF=1 - MISMATCH
2025-04-16 12:16:43,141 - WARNING - Count mismatch for agenda_item_actions: expected 2, got 3
2025-04-16 12:16:43,141 - INFO - PUBLISHED_AGENDA_ITEM_ACTIONS: PRE=0, POST=0, DIFF=0 - MATCHED
2025-04-16 12:16:43,141 - INFO - REMOVED_AGENDA_ITEMS: PRE=0, POST=0, DIFF=0 - MATCHED
2025-04-16 12:16:43,141 - INFO - TOTAL RECORDS: PRE=11, POST=12, DIFF=1
2025-04-16 12:16:43,141 - INFO - All data restored successfully
2025-04-16 12:16:43,143 - INFO - Database connection closed
2025-04-16 12:16:43,145 - INFO - Database connection closed
2025-04-16 12:16:43,145 - INFO - Post-deployment data restoration completed successfully
