2025-04-16 10:27:41,480 - INFO - Starting post-deployment data restoration
2025-04-16 10:27:41,529 - INFO - Database connection established
2025-04-16 10:27:41,544 - INFO - Database connection established
2025-04-16 10:27:41,544 - INFO - Transaction started
2025-04-16 10:27:41,545 - INFO - Data loaded from migration_data.json
2025-04-16 10:27:41,545 - INFO - Found 1 items for committee_reports
2025-04-16 10:27:41,546 - INFO - Found 1 items for committee_report_ids
2025-04-16 10:27:41,546 - INFO - Found 6 items for member_roll_calls
2025-04-16 10:27:41,546 - INFO - Found 0 items for committee_report_published_actions
2025-04-16 10:27:41,550 - INFO - Found 0 items for published_items
2025-04-16 10:27:41,550 - INFO - Found 2 items for committee_meeting_agenda_items
2025-04-16 10:27:41,550 - INFO - Found 2 items for action_to_agenda_items
2025-04-16 10:27:41,550 - INFO - === PRE-DEPLOYMENT DATA COUNTS (FROM JSON) ===
2025-04-16 10:27:41,550 - INFO - COMMITTEE_REPORTS: 1
2025-04-16 10:27:41,551 - INFO - AGENDA_ITEMS: 2
2025-04-16 10:27:41,551 - INFO - PUBLISHED_AGENDA_ITEMS: 0
2025-04-16 10:27:41,551 - INFO - ROLL_CALLS: 6
2025-04-16 10:27:41,551 - INFO - PUBLISHED_ROLL_CALLS: 0
2025-04-16 10:27:41,552 - INFO - AGENDA_ITEM_ACTIONS: 2
2025-04-16 10:27:41,552 - INFO - PUBLISHED_AGENDA_ITEM_ACTIONS: 0
2025-04-16 10:27:41,552 - INFO - REMOVED_AGENDA_ITEMS: 0
2025-04-16 10:27:41,553 - INFO - LEGISLATION_ITEMS: 1
2025-04-16 10:27:41,553 - INFO - COMMITTEE_ACTIONS: 21
2025-04-16 10:27:41,553 - INFO - Loading CommitteeReportCommitteeActions reference data...
2025-04-16 10:27:41,555 - INFO - Loaded 21 committee actions for reference
2025-04-16 10:27:41,556 - INFO - Updating CommitteeReports table with meeting details...
2025-04-16 10:27:41,563 - INFO - Updated CommitteeReport ID 15032 with meeting details
2025-04-16 10:27:41,563 - INFO - Updated 1 committee reports with meeting details
2025-04-16 10:27:41,563 - INFO - Inserting data into CommitteeReportAgendaItems...
2025-04-16 10:27:41,563 - INFO - Creating set of published agenda item IDs...
2025-04-16 10:27:41,564 - INFO - Found 0 published agenda item IDs
2025-04-16 10:27:41,570 - INFO - Inserted agenda item: reportId: 15032 agendaItemId: 18774 legId: 495
2025-04-16 10:27:41,576 - INFO - Inserted agenda item: reportId: 15032 agendaItemId: 19774 legId: None
2025-04-16 10:27:41,576 - INFO - Inserted 2 agenda items (0 published)
2025-04-16 10:27:41,577 - INFO - Inserting data into CommitteeReportActions...
2025-04-16 10:27:41,583 - INFO - Inserted CommitteeReportAction for agenda item 5, published=False, is_recommendation=0
2025-04-16 10:27:41,585 - INFO - Splitting action for agenda item 19774 into two separate action rows
2025-04-16 10:27:41,592 - INFO - Inserted CommitteeReportAction for agenda item 6, published=False, is_recommendation=1
2025-04-16 10:27:41,600 - INFO - Inserted CommitteeReportAction for agenda item 6, published=False, is_recommendation=0
2025-04-16 10:27:41,601 - INFO - Inserted 3 actions (0 published)
2025-04-16 10:27:41,601 - INFO - Inserting data into CommitteeReportRollCalls...
2025-04-16 10:27:41,607 - INFO - Inserted CommitteeReportRollCall for agenda item 5, published=False
2025-04-16 10:27:41,614 - INFO - Inserted CommitteeReportRollCall for agenda item 5, published=False
2025-04-16 10:27:41,622 - INFO - Inserted CommitteeReportRollCall for agenda item 5, published=False
2025-04-16 10:27:41,630 - INFO - Inserted CommitteeReportRollCall for agenda item 6, published=False
2025-04-16 10:27:41,636 - INFO - Inserted CommitteeReportRollCall for agenda item 6, published=False
2025-04-16 10:27:41,646 - INFO - Inserted CommitteeReportRollCall for agenda item 6, published=False
2025-04-16 10:27:41,646 - INFO - Inserted 6 roll calls (0 published)
2025-04-16 10:27:41,647 - INFO - Transaction committed
2025-04-16 10:27:41,647 - INFO - === POST-DEPLOYMENT DATA COUNTS ===
2025-04-16 10:27:41,647 - INFO - COMMITTEE_REPORTS: 1
2025-04-16 10:27:41,648 - INFO - AGENDA_ITEMS: 2
2025-04-16 10:27:41,648 - INFO - PUBLISHED_AGENDA_ITEMS: 0
2025-04-16 10:27:41,648 - INFO - ROLL_CALLS: 6
2025-04-16 10:27:41,648 - INFO - PUBLISHED_ROLL_CALLS: 0
2025-04-16 10:27:41,648 - INFO - AGENDA_ITEM_ACTIONS: 3
2025-04-16 10:27:41,649 - INFO - PUBLISHED_AGENDA_ITEM_ACTIONS: 0
2025-04-16 10:27:41,649 - INFO - REMOVED_AGENDA_ITEMS: 0
2025-04-16 10:27:41,649 - INFO - MEETINGS_WITHOUT_AGENDA_ITEMS: 0
2025-04-16 10:27:41,649 - INFO - === DATA MIGRATION COMPARISON (POST vs PRE) ===
2025-04-16 10:27:41,649 - INFO - COMMITTEE_REPORTS: PRE=1, POST=1, DIFF=0 - MATCHED
2025-04-16 10:27:41,650 - INFO - AGENDA_ITEMS: PRE=2, POST=2, DIFF=0 - MATCHED
2025-04-16 10:27:41,650 - INFO - PUBLISHED_AGENDA_ITEMS: PRE=0, POST=0, DIFF=0 - MATCHED
2025-04-16 10:27:41,650 - INFO - ROLL_CALLS: PRE=6, POST=6, DIFF=0 - MATCHED
2025-04-16 10:27:41,650 - INFO - PUBLISHED_ROLL_CALLS: PRE=0, POST=0, DIFF=0 - MATCHED
2025-04-16 10:27:41,650 - INFO - AGENDA_ITEM_ACTIONS: PRE=2, POST=3, DIFF=1 - MISMATCH
2025-04-16 10:27:41,651 - WARNING - Count mismatch for agenda_item_actions: expected 2, got 3
2025-04-16 10:27:41,651 - INFO - PUBLISHED_AGENDA_ITEM_ACTIONS: PRE=0, POST=0, DIFF=0 - MATCHED
2025-04-16 10:27:41,651 - INFO - REMOVED_AGENDA_ITEMS: PRE=0, POST=0, DIFF=0 - MATCHED
2025-04-16 10:27:41,651 - INFO - TOTAL RECORDS: PRE=11, POST=12, DIFF=1
2025-04-16 10:27:41,652 - INFO - All data restored successfully
2025-04-16 10:27:41,653 - INFO - Database connection closed
2025-04-16 10:27:41,655 - INFO - Database connection closed
2025-04-16 10:27:41,655 - INFO - Post-deployment data restoration completed successfully
