2025-04-16 12:22:10,534 - INFO - Starting post-deployment data restoration
2025-04-16 12:22:10,580 - INFO - Database connection established
2025-04-16 12:22:10,595 - INFO - Database connection established
2025-04-16 12:22:10,595 - INFO - Transaction started
2025-04-16 12:22:10,596 - INFO - Data loaded from migration_data.json
2025-04-16 12:22:10,596 - INFO - Found 1 items for committee_reports
2025-04-16 12:22:10,596 - INFO - Found 1 items for committee_report_ids
2025-04-16 12:22:10,596 - INFO - Found 6 items for member_roll_calls
2025-04-16 12:22:10,596 - INFO - Found 0 items for committee_report_published_actions
2025-04-16 12:22:10,598 - INFO - Found 0 items for published_items
2025-04-16 12:22:10,598 - INFO - Found 2 items for committee_meeting_agenda_items
2025-04-16 12:22:10,598 - INFO - Found 2 items for action_to_agenda_items
2025-04-16 12:22:10,598 - INFO - === PRE-DEPLOYMENT DATA COUNTS (FROM JSON) ===
2025-04-16 12:22:10,599 - INFO - COMMITTEE_REPORTS: 1
2025-04-16 12:22:10,599 - INFO - AGENDA_ITEMS: 2
2025-04-16 12:22:10,599 - INFO - PUBLISHED_AGENDA_ITEMS: 0
2025-04-16 12:22:10,599 - INFO - ROLL_CALLS: 6
2025-04-16 12:22:10,599 - INFO - PUBLISHED_ROLL_CALLS: 0
2025-04-16 12:22:10,599 - INFO - AGENDA_ITEM_ACTIONS: 2
2025-04-16 12:22:10,600 - INFO - PUBLISHED_AGENDA_ITEM_ACTIONS: 0
2025-04-16 12:22:10,600 - INFO - REMOVED_AGENDA_ITEMS: 0
2025-04-16 12:22:10,600 - INFO - LEGISLATION_ITEMS: 1
2025-04-16 12:22:10,600 - INFO - COMMITTEE_ACTIONS: 21
2025-04-16 12:22:10,601 - INFO - Loading CommitteeReportCommitteeActions reference data...
2025-04-16 12:22:10,602 - INFO - Loaded 21 committee actions for reference
2025-04-16 12:22:10,603 - INFO - Updating CommitteeReports table with meeting details...
2025-04-16 12:22:10,610 - INFO - Updated CommitteeReport ID 15032 with meeting details
2025-04-16 12:22:10,610 - INFO - Updated 1 committee reports with meeting details
2025-04-16 12:22:10,610 - INFO - Inserting data into CommitteeReportAgendaItems...
2025-04-16 12:22:10,610 - INFO - Creating set of published agenda item IDs...
2025-04-16 12:22:10,611 - INFO - Found 0 published agenda item IDs
2025-04-16 12:22:10,619 - INFO - Inserted agenda item: reportId: 15032 agendaItemId: 18774 legId: 495
2025-04-16 12:22:10,625 - INFO - Inserted agenda item: reportId: 15032 agendaItemId: 19774 legId: None
2025-04-16 12:22:10,625 - INFO - Inserted 2 agenda items (0 published)
2025-04-16 12:22:10,625 - INFO - Inserting data into CommitteeReportActions...
2025-04-16 12:22:10,633 - INFO - Inserted CommitteeReportAction for agenda item 14, published=False, is_recommendation=0
2025-04-16 12:22:10,634 - INFO - Splitting action for agenda item 19774 into two separate action rows
2025-04-16 12:22:10,640 - INFO - Inserted CommitteeReportAction for agenda item 15, published=False, is_recommendation=1
2025-04-16 12:22:10,646 - INFO - Inserted CommitteeReportAction for agenda item 15, published=False, is_recommendation=0
2025-04-16 12:22:10,646 - INFO - Inserted 3 actions (0 published)
2025-04-16 12:22:10,646 - INFO - Inserting data into CommitteeReportRollCalls...
2025-04-16 12:22:10,653 - INFO - Inserted CommitteeReportRollCall for agenda item 14, published=False
2025-04-16 12:22:10,660 - INFO - Inserted CommitteeReportRollCall for agenda item 14, published=False
2025-04-16 12:22:10,667 - INFO - Inserted CommitteeReportRollCall for agenda item 14, published=False
2025-04-16 12:22:10,672 - INFO - Inserted CommitteeReportRollCall for agenda item 15, published=False
2025-04-16 12:22:10,682 - INFO - Inserted CommitteeReportRollCall for agenda item 15, published=False
2025-04-16 12:22:10,690 - INFO - Inserted CommitteeReportRollCall for agenda item 15, published=False
2025-04-16 12:22:10,691 - INFO - Inserted 6 roll calls (0 published)
2025-04-16 12:22:10,692 - INFO - Transaction committed
2025-04-16 12:22:10,693 - INFO - === POST-DEPLOYMENT DATA COUNTS ===
2025-04-16 12:22:10,693 - INFO - COMMITTEE_REPORTS: 1
2025-04-16 12:22:10,693 - INFO - AGENDA_ITEMS: 2
2025-04-16 12:22:10,694 - INFO - PUBLISHED_AGENDA_ITEMS: 0
2025-04-16 12:22:10,694 - INFO - ROLL_CALLS: 6
2025-04-16 12:22:10,694 - INFO - PUBLISHED_ROLL_CALLS: 0
2025-04-16 12:22:10,694 - INFO - AGENDA_ITEM_ACTIONS: 3
2025-04-16 12:22:10,695 - INFO - PUBLISHED_AGENDA_ITEM_ACTIONS: 0
2025-04-16 12:22:10,695 - INFO - REMOVED_AGENDA_ITEMS: 0
2025-04-16 12:22:10,695 - INFO - MEETINGS_WITHOUT_AGENDA_ITEMS: 0
2025-04-16 12:22:10,695 - INFO - === DATA MIGRATION COMPARISON (POST vs PRE) ===
2025-04-16 12:22:10,695 - INFO - COMMITTEE_REPORTS: PRE=1, POST=1, DIFF=0 - MATCHED
2025-04-16 12:22:10,696 - INFO - AGENDA_ITEMS: PRE=2, POST=2, DIFF=0 - MATCHED
2025-04-16 12:22:10,696 - INFO - PUBLISHED_AGENDA_ITEMS: PRE=0, POST=0, DIFF=0 - MATCHED
2025-04-16 12:22:10,696 - INFO - ROLL_CALLS: PRE=6, POST=6, DIFF=0 - MATCHED
2025-04-16 12:22:10,696 - INFO - PUBLISHED_ROLL_CALLS: PRE=0, POST=0, DIFF=0 - MATCHED
2025-04-16 12:22:10,696 - INFO - AGENDA_ITEM_ACTIONS: PRE=2, POST=3, DIFF=1 - MISMATCH
2025-04-16 12:22:10,697 - WARNING - Count mismatch for agenda_item_actions: expected 2, got 3
2025-04-16 12:22:10,697 - INFO - PUBLISHED_AGENDA_ITEM_ACTIONS: PRE=0, POST=0, DIFF=0 - MATCHED
2025-04-16 12:22:10,697 - INFO - REMOVED_AGENDA_ITEMS: PRE=0, POST=0, DIFF=0 - MATCHED
2025-04-16 12:22:10,697 - INFO - TOTAL RECORDS: PRE=11, POST=12, DIFF=1
2025-04-16 12:22:10,697 - INFO - All data restored successfully
2025-04-16 12:22:10,698 - INFO - Database connection closed
2025-04-16 12:22:10,700 - INFO - Database connection closed
2025-04-16 12:22:10,700 - INFO - Post-deployment data restoration completed successfully
