2025-04-16 12:18:41,707 - INFO - Starting post-deployment data restoration
2025-04-16 12:18:41,759 - INFO - Database connection established
2025-04-16 12:18:41,773 - INFO - Database connection established
2025-04-16 12:18:41,774 - INFO - Transaction started
2025-04-16 12:18:41,775 - INFO - Data loaded from migration_data.json
2025-04-16 12:18:41,775 - INFO - Found 1 items for committee_reports
2025-04-16 12:18:41,776 - INFO - Found 1 items for committee_report_ids
2025-04-16 12:18:41,776 - INFO - Found 6 items for member_roll_calls
2025-04-16 12:18:41,776 - INFO - Found 0 items for committee_report_published_actions
2025-04-16 12:18:41,777 - INFO - Found 0 items for published_items
2025-04-16 12:18:41,777 - INFO - Found 2 items for committee_meeting_agenda_items
2025-04-16 12:18:41,778 - INFO - Found 2 items for action_to_agenda_items
2025-04-16 12:18:41,778 - INFO - === PRE-DEPLOYMENT DATA COUNTS (FROM JSON) ===
2025-04-16 12:18:41,778 - INFO - COMMITTEE_REPORTS: 1
2025-04-16 12:18:41,778 - INFO - AGENDA_ITEMS: 2
2025-04-16 12:18:41,778 - INFO - PUBLISHED_AGENDA_ITEMS: 0
2025-04-16 12:18:41,778 - INFO - ROLL_CALLS: 6
2025-04-16 12:18:41,778 - INFO - PUBLISHED_ROLL_CALLS: 0
2025-04-16 12:18:41,778 - INFO - AGENDA_ITEM_ACTIONS: 2
2025-04-16 12:18:41,778 - INFO - PUBLISHED_AGENDA_ITEM_ACTIONS: 0
2025-04-16 12:18:41,778 - INFO - REMOVED_AGENDA_ITEMS: 0
2025-04-16 12:18:41,778 - INFO - LEGISLATION_ITEMS: 1
2025-04-16 12:18:41,779 - INFO - COMMITTEE_ACTIONS: 21
2025-04-16 12:18:41,779 - INFO - Loading CommitteeReportCommitteeActions reference data...
2025-04-16 12:18:41,780 - INFO - Loaded 21 committee actions for reference
2025-04-16 12:18:41,780 - INFO - Updating CommitteeReports table with meeting details...
2025-04-16 12:18:41,788 - INFO - Updated CommitteeReport ID 15032 with meeting details
2025-04-16 12:18:41,788 - INFO - Updated 1 committee reports with meeting details
2025-04-16 12:18:41,788 - INFO - Inserting data into CommitteeReportAgendaItems...
2025-04-16 12:18:41,788 - INFO - Creating set of published agenda item IDs...
2025-04-16 12:18:41,788 - INFO - Found 0 published agenda item IDs
2025-04-16 12:18:41,796 - INFO - Inserted agenda item: reportId: 15032 agendaItemId: 18774 legId: 495
2025-04-16 12:18:41,802 - INFO - Inserted agenda item: reportId: 15032 agendaItemId: 19774 legId: None
2025-04-16 12:18:41,803 - INFO - Inserted 2 agenda items (0 published)
2025-04-16 12:18:41,803 - INFO - Inserting data into CommitteeReportActions...
2025-04-16 12:18:41,810 - INFO - Inserted CommitteeReportAction for agenda item 12, published=False, is_recommendation=0
2025-04-16 12:18:41,812 - INFO - Splitting action for agenda item 19774 into two separate action rows
2025-04-16 12:18:41,820 - INFO - Inserted CommitteeReportAction for agenda item 13, published=False, is_recommendation=1
2025-04-16 12:18:41,826 - INFO - Inserted CommitteeReportAction for agenda item 13, published=False, is_recommendation=0
2025-04-16 12:18:41,827 - INFO - Inserted 3 actions (0 published)
2025-04-16 12:18:41,827 - INFO - Inserting data into CommitteeReportRollCalls...
2025-04-16 12:18:41,835 - INFO - Inserted CommitteeReportRollCall for agenda item 12, published=False
2025-04-16 12:18:41,843 - INFO - Inserted CommitteeReportRollCall for agenda item 12, published=False
2025-04-16 12:18:41,851 - INFO - Inserted CommitteeReportRollCall for agenda item 12, published=False
2025-04-16 12:18:41,858 - INFO - Inserted CommitteeReportRollCall for agenda item 13, published=False
2025-04-16 12:18:41,864 - INFO - Inserted CommitteeReportRollCall for agenda item 13, published=False
2025-04-16 12:18:41,871 - INFO - Inserted CommitteeReportRollCall for agenda item 13, published=False
2025-04-16 12:18:41,871 - INFO - Inserted 6 roll calls (0 published)
2025-04-16 12:18:41,872 - INFO - Transaction committed
2025-04-16 12:18:41,873 - INFO - === POST-DEPLOYMENT DATA COUNTS ===
2025-04-16 12:18:41,873 - INFO - COMMITTEE_REPORTS: 1
2025-04-16 12:18:41,873 - INFO - AGENDA_ITEMS: 2
2025-04-16 12:18:41,874 - INFO - PUBLISHED_AGENDA_ITEMS: 0
2025-04-16 12:18:41,874 - INFO - ROLL_CALLS: 6
2025-04-16 12:18:41,874 - INFO - PUBLISHED_ROLL_CALLS: 0
2025-04-16 12:18:41,874 - INFO - AGENDA_ITEM_ACTIONS: 3
2025-04-16 12:18:41,874 - INFO - PUBLISHED_AGENDA_ITEM_ACTIONS: 0
2025-04-16 12:18:41,875 - INFO - REMOVED_AGENDA_ITEMS: 0
2025-04-16 12:18:41,875 - INFO - MEETINGS_WITHOUT_AGENDA_ITEMS: 0
2025-04-16 12:18:41,875 - INFO - === DATA MIGRATION COMPARISON (POST vs PRE) ===
2025-04-16 12:18:41,875 - INFO - COMMITTEE_REPORTS: PRE=1, POST=1, DIFF=0 - MATCHED
2025-04-16 12:18:41,875 - INFO - AGENDA_ITEMS: PRE=2, POST=2, DIFF=0 - MATCHED
2025-04-16 12:18:41,876 - INFO - PUBLISHED_AGENDA_ITEMS: PRE=0, POST=0, DIFF=0 - MATCHED
2025-04-16 12:18:41,876 - INFO - ROLL_CALLS: PRE=6, POST=6, DIFF=0 - MATCHED
2025-04-16 12:18:41,876 - INFO - PUBLISHED_ROLL_CALLS: PRE=0, POST=0, DIFF=0 - MATCHED
2025-04-16 12:18:41,876 - INFO - AGENDA_ITEM_ACTIONS: PRE=2, POST=3, DIFF=1 - MISMATCH
2025-04-16 12:18:41,876 - WARNING - Count mismatch for agenda_item_actions: expected 2, got 3
2025-04-16 12:18:41,876 - INFO - PUBLISHED_AGENDA_ITEM_ACTIONS: PRE=0, POST=0, DIFF=0 - MATCHED
2025-04-16 12:18:41,877 - INFO - REMOVED_AGENDA_ITEMS: PRE=0, POST=0, DIFF=0 - MATCHED
2025-04-16 12:18:41,877 - INFO - TOTAL RECORDS: PRE=11, POST=12, DIFF=1
2025-04-16 12:18:41,877 - INFO - All data restored successfully
2025-04-16 12:18:41,878 - INFO - Database connection closed
2025-04-16 12:18:41,880 - INFO - Database connection closed
2025-04-16 12:18:41,881 - INFO - Post-deployment data restoration completed successfully
