2025-04-16 12:14:03,301 - INFO - Starting post-deployment data restoration
2025-04-16 12:14:03,377 - INFO - Database connection established
2025-04-16 12:14:03,390 - INFO - Database connection established
2025-04-16 12:14:03,390 - INFO - Transaction started
2025-04-16 12:14:03,398 - INFO - Data loaded from migration_data.json
2025-04-16 12:14:03,399 - INFO - Found 1 items for committee_reports
2025-04-16 12:14:03,399 - INFO - Found 1 items for committee_report_ids
2025-04-16 12:14:03,399 - INFO - Found 6 items for member_roll_calls
2025-04-16 12:14:03,399 - INFO - Found 0 items for committee_report_published_actions
2025-04-16 12:14:03,451 - INFO - Found 0 items for published_items
2025-04-16 12:14:03,451 - INFO - Found 2 items for committee_meeting_agenda_items
2025-04-16 12:14:03,452 - INFO - Found 2 items for action_to_agenda_items
2025-04-16 12:14:03,452 - INFO - === PRE-DEPLOYMENT DATA COUNTS (FROM JSON) ===
2025-04-16 12:14:03,452 - INFO - COMMITTEE_REPORTS: 1
2025-04-16 12:14:03,452 - INFO - AGENDA_ITEMS: 2
2025-04-16 12:14:03,452 - INFO - PUBLISHED_AGENDA_ITEMS: 0
2025-04-16 12:14:03,452 - INFO - ROLL_CALLS: 6
2025-04-16 12:14:03,453 - INFO - PUBLISHED_ROLL_CALLS: 0
2025-04-16 12:14:03,453 - INFO - AGENDA_ITEM_ACTIONS: 2
2025-04-16 12:14:03,453 - INFO - PUBLISHED_AGENDA_ITEM_ACTIONS: 0
2025-04-16 12:14:03,453 - INFO - REMOVED_AGENDA_ITEMS: 0
2025-04-16 12:14:03,454 - INFO - LEGISLATION_ITEMS: 1
2025-04-16 12:14:03,454 - INFO - COMMITTEE_ACTIONS: 21
2025-04-16 12:14:03,454 - INFO - Loading CommitteeReportCommitteeActions reference data...
2025-04-16 12:14:03,456 - INFO - Loaded 21 committee actions for reference
2025-04-16 12:14:03,457 - INFO - Updating CommitteeReports table with meeting details...
2025-04-16 12:14:03,462 - INFO - Updated CommitteeReport ID 15032 with meeting details
2025-04-16 12:14:03,462 - INFO - Updated 1 committee reports with meeting details
2025-04-16 12:14:03,462 - INFO - Inserting data into CommitteeReportAgendaItems...
2025-04-16 12:14:03,463 - INFO - Creating set of published agenda item IDs...
2025-04-16 12:14:03,463 - INFO - Found 0 published agenda item IDs
2025-04-16 12:14:03,470 - INFO - Inserted agenda item: reportId: 15032 agendaItemId: 18774 legId: 495
2025-04-16 12:14:03,479 - INFO - Inserted agenda item: reportId: 15032 agendaItemId: 19774 legId: None
2025-04-16 12:14:03,480 - INFO - Inserted 2 agenda items (0 published)
2025-04-16 12:14:03,480 - INFO - Inserting data into CommitteeReportActions...
2025-04-16 12:14:03,490 - INFO - Inserted CommitteeReportAction for agenda item 8, published=False, is_recommendation=0
2025-04-16 12:14:03,492 - INFO - Splitting action for agenda item 19774 into two separate action rows
2025-04-16 12:14:03,498 - INFO - Inserted CommitteeReportAction for agenda item 9, published=False, is_recommendation=1
2025-04-16 12:14:03,505 - INFO - Inserted CommitteeReportAction for agenda item 9, published=False, is_recommendation=0
2025-04-16 12:14:03,506 - INFO - Inserted 3 actions (0 published)
2025-04-16 12:14:03,506 - INFO - Inserting data into CommitteeReportRollCalls...
2025-04-16 12:14:03,515 - INFO - Inserted CommitteeReportRollCall for agenda item 8, published=False
2025-04-16 12:14:03,523 - INFO - Inserted CommitteeReportRollCall for agenda item 8, published=False
2025-04-16 12:14:03,530 - INFO - Inserted CommitteeReportRollCall for agenda item 8, published=False
2025-04-16 12:14:03,538 - INFO - Inserted CommitteeReportRollCall for agenda item 9, published=False
2025-04-16 12:14:03,544 - INFO - Inserted CommitteeReportRollCall for agenda item 9, published=False
2025-04-16 12:14:03,549 - INFO - Inserted CommitteeReportRollCall for agenda item 9, published=False
2025-04-16 12:14:03,550 - INFO - Inserted 6 roll calls (0 published)
2025-04-16 12:14:03,551 - INFO - Transaction committed
2025-04-16 12:14:03,551 - INFO - === POST-DEPLOYMENT DATA COUNTS ===
2025-04-16 12:14:03,551 - INFO - COMMITTEE_REPORTS: 1
2025-04-16 12:14:03,551 - INFO - AGENDA_ITEMS: 2
2025-04-16 12:14:03,551 - INFO - PUBLISHED_AGENDA_ITEMS: 0
2025-04-16 12:14:03,552 - INFO - ROLL_CALLS: 6
2025-04-16 12:14:03,552 - INFO - PUBLISHED_ROLL_CALLS: 0
2025-04-16 12:14:03,552 - INFO - AGENDA_ITEM_ACTIONS: 3
2025-04-16 12:14:03,552 - INFO - PUBLISHED_AGENDA_ITEM_ACTIONS: 0
2025-04-16 12:14:03,552 - INFO - REMOVED_AGENDA_ITEMS: 0
2025-04-16 12:14:03,552 - INFO - MEETINGS_WITHOUT_AGENDA_ITEMS: 0
2025-04-16 12:14:03,552 - INFO - === DATA MIGRATION COMPARISON (POST vs PRE) ===
2025-04-16 12:14:03,552 - INFO - COMMITTEE_REPORTS: PRE=1, POST=1, DIFF=0 - MATCHED
2025-04-16 12:14:03,553 - INFO - AGENDA_ITEMS: PRE=2, POST=2, DIFF=0 - MATCHED
2025-04-16 12:14:03,553 - INFO - PUBLISHED_AGENDA_ITEMS: PRE=0, POST=0, DIFF=0 - MATCHED
2025-04-16 12:14:03,553 - INFO - ROLL_CALLS: PRE=6, POST=6, DIFF=0 - MATCHED
2025-04-16 12:14:03,553 - INFO - PUBLISHED_ROLL_CALLS: PRE=0, POST=0, DIFF=0 - MATCHED
2025-04-16 12:14:03,553 - INFO - AGENDA_ITEM_ACTIONS: PRE=2, POST=3, DIFF=1 - MISMATCH
2025-04-16 12:14:03,553 - WARNING - Count mismatch for agenda_item_actions: expected 2, got 3
2025-04-16 12:14:03,553 - INFO - PUBLISHED_AGENDA_ITEM_ACTIONS: PRE=0, POST=0, DIFF=0 - MATCHED
2025-04-16 12:14:03,553 - INFO - REMOVED_AGENDA_ITEMS: PRE=0, POST=0, DIFF=0 - MATCHED
2025-04-16 12:14:03,553 - INFO - TOTAL RECORDS: PRE=11, POST=12, DIFF=1
2025-04-16 12:14:03,553 - INFO - All data restored successfully
2025-04-16 12:14:03,554 - INFO - Database connection closed
2025-04-16 12:14:03,557 - INFO - Database connection closed
2025-04-16 12:14:03,557 - INFO - Post-deployment data restoration completed successfully
