2025-04-16 12:35:03,583 - INFO - Starting post-deployment data restoration
2025-04-16 12:35:03,660 - INFO - Database connection established
2025-04-16 12:35:03,676 - INFO - Database connection established
2025-04-16 12:35:03,676 - INFO - Transaction started
2025-04-16 12:35:03,685 - INFO - Data loaded from migration_data.json
2025-04-16 12:35:03,685 - INFO - Found 1 items for committee_reports
2025-04-16 12:35:03,686 - INFO - Found 1 items for committee_report_ids
2025-04-16 12:35:03,686 - INFO - Found 6 items for member_roll_calls
2025-04-16 12:35:03,686 - INFO - Found 0 items for committee_report_published_actions
2025-04-16 12:35:03,688 - INFO - Found 0 items for published_items
2025-04-16 12:35:03,688 - INFO - Found 2 items for committee_meeting_agenda_items
2025-04-16 12:35:03,688 - INFO - Found 2 items for action_to_agenda_items
2025-04-16 12:35:03,689 - INFO - === PRE-DEPLOYMENT DATA COUNTS (FROM JSON) ===
2025-04-16 12:35:03,689 - INFO - COMMITTEE_REPORTS: 1
2025-04-16 12:35:03,689 - INFO - AGENDA_ITEMS: 2
2025-04-16 12:35:03,689 - INFO - PUBLISHED_AGENDA_ITEMS: 0
2025-04-16 12:35:03,689 - INFO - ROLL_CALLS: 6
2025-04-16 12:35:03,690 - INFO - PUBLISHED_ROLL_CALLS: 0
2025-04-16 12:35:03,690 - INFO - AGENDA_ITEM_ACTIONS: 2
2025-04-16 12:35:03,690 - INFO - PUBLISHED_AGENDA_ITEM_ACTIONS: 0
2025-04-16 12:35:03,691 - INFO - REMOVED_AGENDA_ITEMS: 0
2025-04-16 12:35:03,691 - INFO - LEGISLATION_ITEMS: 1
2025-04-16 12:35:03,691 - INFO - COMMITTEE_ACTIONS: 21
2025-04-16 12:35:03,691 - INFO - Loading CommitteeReportCommitteeActions reference data...
2025-04-16 12:35:03,695 - INFO - Loaded 21 committee actions for reference
2025-04-16 12:35:03,696 - INFO - Updating CommitteeReports table with meeting details...
2025-04-16 12:35:03,707 - INFO - Updated CommitteeReport ID 15032 with meeting details
2025-04-16 12:35:03,708 - INFO - Updated 1 committee reports with meeting details
2025-04-16 12:35:03,708 - INFO - Inserting data into CommitteeReportAgendaItems...
2025-04-16 12:35:03,708 - INFO - Creating set of published agenda item IDs...
2025-04-16 12:35:03,709 - INFO - Found 0 published agenda item IDs
2025-04-16 12:35:03,716 - INFO - Inserted agenda item: reportId: 15032 agendaItemId: 18774 legId: 495
2025-04-16 12:35:03,727 - INFO - Inserted agenda item: reportId: 15032 agendaItemId: 19774 legId: None
2025-04-16 12:35:03,727 - INFO - Inserted 2 agenda items (0 published)
2025-04-16 12:35:03,728 - INFO - Inserting data into CommitteeReportActions...
2025-04-16 12:35:03,737 - INFO - Inserted CommitteeReportAction for agenda item 16, published=False, is_recommendation=False
2025-04-16 12:35:03,746 - INFO - Inserted CommitteeReportAction for agenda item 17, published=False, is_recommendation=True
2025-04-16 12:35:03,753 - INFO - Inserted CommitteeReportAction for agenda item 17, published=False, is_recommendation=False
2025-04-16 12:35:03,753 - INFO - Inserted 3 actions (0 published)
2025-04-16 12:35:03,754 - INFO - Inserting data into CommitteeReportRollCalls...
2025-04-16 12:35:03,763 - INFO - Inserted CommitteeReportRollCall for agenda item 16, published=False
2025-04-16 12:35:03,773 - INFO - Inserted CommitteeReportRollCall for agenda item 16, published=False
2025-04-16 12:35:03,782 - INFO - Inserted CommitteeReportRollCall for agenda item 16, published=False
2025-04-16 12:35:03,790 - INFO - Inserted CommitteeReportRollCall for agenda item 17, published=False
2025-04-16 12:35:03,796 - INFO - Inserted CommitteeReportRollCall for agenda item 17, published=False
2025-04-16 12:35:03,801 - INFO - Inserted CommitteeReportRollCall for agenda item 17, published=False
2025-04-16 12:35:03,801 - INFO - Inserted 6 roll calls (0 published)
2025-04-16 12:35:03,802 - INFO - Transaction committed
2025-04-16 12:35:03,802 - INFO - === POST-DEPLOYMENT DATA COUNTS ===
2025-04-16 12:35:03,803 - INFO - COMMITTEE_REPORTS: 1
2025-04-16 12:35:03,803 - INFO - AGENDA_ITEMS: 2
2025-04-16 12:35:03,803 - INFO - PUBLISHED_AGENDA_ITEMS: 0
2025-04-16 12:35:03,803 - INFO - ROLL_CALLS: 6
2025-04-16 12:35:03,803 - INFO - PUBLISHED_ROLL_CALLS: 0
2025-04-16 12:35:03,803 - INFO - AGENDA_ITEM_ACTIONS: 3
2025-04-16 12:35:03,803 - INFO - PUBLISHED_AGENDA_ITEM_ACTIONS: 0
2025-04-16 12:35:03,804 - INFO - REMOVED_AGENDA_ITEMS: 0
2025-04-16 12:35:03,804 - INFO - MEETINGS_WITHOUT_AGENDA_ITEMS: 0
2025-04-16 12:35:03,804 - INFO - === DATA MIGRATION COMPARISON (POST vs PRE) ===
2025-04-16 12:35:03,804 - INFO - COMMITTEE_REPORTS: PRE=1, POST=1, DIFF=0 - MATCHED
2025-04-16 12:35:03,804 - INFO - AGENDA_ITEMS: PRE=2, POST=2, DIFF=0 - MATCHED
2025-04-16 12:35:03,805 - INFO - PUBLISHED_AGENDA_ITEMS: PRE=0, POST=0, DIFF=0 - MATCHED
2025-04-16 12:35:03,805 - INFO - ROLL_CALLS: PRE=6, POST=6, DIFF=0 - MATCHED
2025-04-16 12:35:03,805 - INFO - PUBLISHED_ROLL_CALLS: PRE=0, POST=0, DIFF=0 - MATCHED
2025-04-16 12:35:03,805 - INFO - AGENDA_ITEM_ACTIONS: PRE=2, POST=3, DIFF=1 - MISMATCH
2025-04-16 12:35:03,805 - WARNING - Count mismatch for agenda_item_actions: expected 2, got 3
2025-04-16 12:35:03,806 - INFO - PUBLISHED_AGENDA_ITEM_ACTIONS: PRE=0, POST=0, DIFF=0 - MATCHED
2025-04-16 12:35:03,806 - INFO - REMOVED_AGENDA_ITEMS: PRE=0, POST=0, DIFF=0 - MATCHED
2025-04-16 12:35:03,806 - INFO - TOTAL RECORDS: PRE=11, POST=12, DIFF=1
2025-04-16 12:35:03,806 - INFO - All data restored successfully
2025-04-16 12:35:03,808 - INFO - Database connection closed
2025-04-16 12:35:03,810 - INFO - Database connection closed
2025-04-16 12:35:03,811 - INFO - Post-deployment data restoration completed successfully
