2025-05-21 14:09:41,740 - INFO - Starting pre-deployment data gathering
2025-05-21 14:09:42,253 - INFO - Database connection established
2025-05-21 14:09:42,737 - INFO - Database connection established
2025-05-21 14:09:42,738 - INFO - Gathering committee actions...
2025-05-21 14:09:42,796 - INFO - Gathered 21 committee actions.
2025-05-21 14:09:42,797 - INFO - Gathering committee reports...
2025-05-21 14:10:13,682 - INFO - Found 117 meetings with committee reports
2025-05-21 14:10:13,683 - INFO - Gathering all removed agenda items...
2025-05-21 14:10:13,728 - INFO - Found 2 removed agenda items
2025-05-21 14:10:13,731 - INFO - Gathering committee meeting agenda items for these meetings that aren't removed...
2025-05-21 14:10:13,919 - INFO - Found 122 legislation items for agenda items
2025-05-21 14:10:13,924 - INFO - Found 288 agenda items connected to meetings with committee reports
2025-05-21 14:10:13,925 - INFO - Gathering additional meeting and committee information...
2025-05-21 14:10:14,282 - INFO - appending committee info to 288 agenda items
2025-05-21 14:10:14,283 - INFO - Gathering CommitteeReportPublishedItems...
2025-05-21 14:10:14,330 - INFO - Gathered 171 CommitteeReportPublishedItems.
2025-05-21 14:10:14,332 - INFO - Marked 171 published agenda items.
2025-05-21 14:10:14,332 - INFO - Gathering CommitteeReportCommitteeActionToAgendaItems...
2025-05-21 14:10:14,420 - INFO - Gathered 266 action to agenda items.
2025-05-21 14:10:14,422 - INFO - Gathering CommitteeReportPublishedActions...
2025-05-21 14:10:14,532 - INFO - Gathered 161 CommitteeReportPublishedActions.
2025-05-21 14:10:14,533 - INFO - Gathering member roll calls...
2025-05-21 14:10:15,415 - INFO - === PRE-DEPLOYMENT DATA COUNTS ===
2025-05-21 14:10:15,416 - INFO - COMMITTEE_REPORTS: 117
2025-05-21 14:10:15,417 - INFO - AGENDA_ITEMS: 288
2025-05-21 14:10:15,417 - INFO - PUBLISHED_AGENDA_ITEMS: 171
2025-05-21 14:10:15,417 - INFO - ROLL_CALLS: 2580
2025-05-21 14:10:15,418 - INFO - PUBLISHED_ROLL_CALLS: 0
2025-05-21 14:10:15,418 - INFO - AGENDA_ITEM_ACTIONS: 266
2025-05-21 14:10:15,419 - INFO - PUBLISHED_AGENDA_ITEM_ACTIONS: 161
2025-05-21 14:10:15,419 - INFO - REMOVED_AGENDA_ITEMS: 2
2025-05-21 14:10:15,419 - INFO - LEGISLATION_ITEMS: 122
2025-05-21 14:10:15,420 - INFO - COMMITTEE_ACTIONS: 21
2025-05-21 14:10:15,501 - INFO - Database connection closed
2025-05-21 14:10:15,582 - INFO - Database connection closed
2025-05-21 14:10:15,904 - INFO - Data saved to iso_data/qa0_migration_data.json
2025-05-21 14:10:15,905 - INFO - Pre-deployment data gathering completed successfully and saved to iso_data/qa0_migration_data.json
