2025-05-21 14:07:01,736 - INFO - Starting pre-deployment data gathering
2025-05-21 14:07:02,402 - INFO - Database connection established
2025-05-21 14:07:02,989 - INFO - Database connection established
2025-05-21 14:07:02,989 - INFO - Gathering committee actions...
2025-05-21 14:07:03,078 - INFO - Gathered 21 committee actions.
2025-05-21 14:07:03,079 - INFO - Gathering committee reports...
2025-05-21 14:07:43,112 - INFO - Found 117 meetings with committee reports
2025-05-21 14:07:43,113 - INFO - Gathering all removed agenda items...
2025-05-21 14:07:43,153 - INFO - Found 2 removed agenda items
2025-05-21 14:07:43,156 - INFO - Gathering committee meeting agenda items for these meetings that aren't removed...
2025-05-21 14:07:43,462 - INFO - Found 122 legislation items for agenda items
2025-05-21 14:07:43,468 - INFO - Found 288 agenda items connected to meetings with committee reports
2025-05-21 14:07:43,469 - INFO - Gathering additional meeting and committee information...
2025-05-21 14:07:43,619 - INFO - appending committee info to 288 agenda items
2025-05-21 14:07:43,620 - INFO - Gathering CommitteeReportPublishedItems...
2025-05-21 14:07:43,679 - INFO - Gathered 171 CommitteeReportPublishedItems.
2025-05-21 14:07:43,679 - INFO - Marked 171 published agenda items.
2025-05-21 14:07:43,680 - INFO - Gathering CommitteeReportCommitteeActionToAgendaItems...
2025-05-21 14:07:43,774 - INFO - Gathered 266 action to agenda items.
2025-05-21 14:07:43,774 - INFO - Gathering CommitteeReportPublishedActions...
2025-05-21 14:07:43,820 - INFO - Gathered 161 CommitteeReportPublishedActions.
2025-05-21 14:07:43,821 - INFO - Gathering member roll calls...
2025-05-21 14:07:45,255 - INFO - === PRE-DEPLOYMENT DATA COUNTS ===
2025-05-21 14:07:45,256 - INFO - COMMITTEE_REPORTS: 117
2025-05-21 14:07:45,256 - INFO - AGENDA_ITEMS: 288
2025-05-21 14:07:45,256 - INFO - PUBLISHED_AGENDA_ITEMS: 171
2025-05-21 14:07:45,256 - INFO - ROLL_CALLS: 2580
2025-05-21 14:07:45,256 - INFO - PUBLISHED_ROLL_CALLS: 0
2025-05-21 14:07:45,256 - INFO - AGENDA_ITEM_ACTIONS: 266
2025-05-21 14:07:45,256 - INFO - PUBLISHED_AGENDA_ITEM_ACTIONS: 161
2025-05-21 14:07:45,256 - INFO - REMOVED_AGENDA_ITEMS: 2
2025-05-21 14:07:45,256 - INFO - LEGISLATION_ITEMS: 122
2025-05-21 14:07:45,256 - INFO - COMMITTEE_ACTIONS: 21
2025-05-21 14:07:45,342 - INFO - Database connection closed
2025-05-21 14:07:45,416 - INFO - Database connection closed
2025-05-21 14:07:45,573 - INFO - Data saved to iso_data/migration_data.json
2025-05-21 14:07:45,574 - INFO - Pre-deployment data gathering completed successfully and saved to iso_data/migration_data.json
