2025-04-15 13:33:54,212 - INFO - Starting pre-deployment data gathering
2025-04-15 13:33:54,264 - INFO - Database connection established
2025-04-15 13:33:54,278 - INFO - Database connection established
2025-04-15 13:33:54,278 - INFO - Gathering committee reports...
2025-04-15 13:33:54,285 - INFO - Found 80 meetings with committee reports
2025-04-15 13:33:54,285 - INFO - Gathering all removed agenda items...
2025-04-15 13:33:54,287 - INFO - Found 0 removed agenda items
2025-04-15 13:33:54,287 - INFO - Gathering committee meeting agenda items for these meetings that aren't removed...
2025-04-15 13:33:54,294 - INFO - Found 135 legislation items for agenda items
2025-04-15 13:33:54,295 - INFO - Found 207 agenda items connected to meetings with committee reports
2025-04-15 13:33:54,295 - INFO - Gathering additional meeting and committee information...
2025-04-15 13:33:54,298 - INFO - appending committee info to 207 agenda items
2025-04-15 13:33:54,299 - INFO - Gathering CommitteeReportPublishedItems...
2025-04-15 13:33:54,300 - INFO - Gathered 3 CommitteeReportPublishedItems.
2025-04-15 13:33:54,300 - INFO - Marked 3 published agenda items.
2025-04-15 13:33:54,300 - INFO - Gathering CommitteeReportCommitteeActionToAgendaItems...
2025-04-15 13:33:54,301 - INFO - Gathered 5 action to agenda items.
2025-04-15 13:33:54,302 - INFO - Gathering CommitteeReportPublishedActions...
2025-04-15 13:33:54,303 - INFO - Gathered 5 CommitteeReportPublishedActions.
2025-04-15 13:33:54,303 - INFO - Gathering member roll calls...
2025-04-15 13:33:54,304 - INFO - === PRE-DEPLOYMENT DATA COUNTS ===
2025-04-15 13:33:54,304 - INFO - COMMITTEE_REPORTS: 80
2025-04-15 13:33:54,305 - INFO - AGENDA_ITEMS: 207
2025-04-15 13:33:54,305 - INFO - PUBLISHED_AGENDA_ITEMS: 3
2025-04-15 13:33:54,305 - INFO - ROLL_CALLS: 9
2025-04-15 13:33:54,305 - INFO - PUBLISHED_ROLL_CALLS: 0
2025-04-15 13:33:54,305 - INFO - AGENDA_ITEM_ACTIONS: 5
2025-04-15 13:33:54,305 - INFO - PUBLISHED_AGENDA_ITEM_ACTIONS: 5
2025-04-15 13:33:54,305 - INFO - REMOVED_AGENDA_ITEMS: 0
2025-04-15 13:33:54,305 - INFO - LEGISLATION_ITEMS: 135
2025-04-15 13:33:54,306 - INFO - Database connection closed
2025-04-15 13:33:54,308 - INFO - Database connection closed
2025-04-15 13:33:54,320 - INFO - Data saved to migration_data.json
2025-04-15 13:33:54,320 - INFO - Pre-deployment data gathering completed successfully and saved to migration_data.json
