2025-06-25 12:50:32,122 - INFO - Starting pre-deployment data gathering
2025-06-25 12:50:32,613 - INFO - Database connection established
2025-06-25 12:50:33,040 - INFO - Database connection established
2025-06-25 12:50:33,040 - INFO - Gathering committee actions...
2025-06-25 12:50:33,107 - INFO - Gathered 21 committee actions.
2025-06-25 12:50:33,107 - INFO - Gathering committee reports...
2025-06-25 12:50:58,826 - INFO - Found 122 meetings with committee reports
2025-06-25 12:50:58,826 - INFO - Gathering all removed agenda items...
2025-06-25 12:50:58,881 - INFO - Found 2 removed agenda items
2025-06-25 12:50:58,882 - INFO - Gathering committee meeting agenda items for these meetings that aren't removed...
2025-06-25 12:50:59,044 - INFO - Found 141 legislation items for agenda items
2025-06-25 12:50:59,045 - INFO - Found 311 agenda items connected to meetings with committee reports
2025-06-25 12:50:59,045 - INFO - Gathering additional meeting and committee information...
2025-06-25 12:50:59,085 - INFO - appending committee info to 311 agenda items
2025-06-25 12:50:59,086 - INFO - Gathering CommitteeReportPublishedItems...
2025-06-25 12:50:59,146 - INFO - Gathered 172 CommitteeReportPublishedItems.
2025-06-25 12:50:59,147 - INFO - Marked 172 published agenda items.
2025-06-25 12:50:59,147 - INFO - Gathering CommitteeReportCommitteeActionToAgendaItems...
2025-06-25 12:50:59,221 - INFO - Gathered 269 action to agenda items.
2025-06-25 12:50:59,222 - INFO - Gathering CommitteeReportPublishedActions...
2025-06-25 12:50:59,299 - INFO - Gathered 162 CommitteeReportPublishedActions.
2025-06-25 12:50:59,299 - INFO - Gathering member roll calls...
2025-06-25 12:51:00,661 - INFO - === PRE-DEPLOYMENT DATA COUNTS ===
2025-06-25 12:51:00,662 - INFO - COMMITTEE_REPORTS: 122
2025-06-25 12:51:00,662 - INFO - AGENDA_ITEMS: 311
2025-06-25 12:51:00,662 - INFO - PUBLISHED_AGENDA_ITEMS: 172
2025-06-25 12:51:00,662 - INFO - ROLL_CALLS: 2725
2025-06-25 12:51:00,663 - INFO - PUBLISHED_ROLL_CALLS: 0
2025-06-25 12:51:00,663 - INFO - AGENDA_ITEM_ACTIONS: 269
2025-06-25 12:51:00,663 - INFO - PUBLISHED_AGENDA_ITEM_ACTIONS: 162
2025-06-25 12:51:00,663 - INFO - REMOVED_AGENDA_ITEMS: 2
2025-06-25 12:51:00,664 - INFO - LEGISLATION_ITEMS: 141
2025-06-25 12:51:00,664 - INFO - COMMITTEE_ACTIONS: 21
2025-06-25 12:51:00,736 - INFO - Database connection closed
2025-06-25 12:51:00,812 - INFO - Database connection closed
2025-06-25 12:51:01,021 - INFO - Data saved to uat_data/migration_data.json
2025-06-25 12:51:01,021 - INFO - Pre-deployment data gathering completed successfully and saved to uat_data/migration_data.json
