2025-04-15 13:28:47,394 - INFO - Starting pre-deployment data gathering
2025-04-15 13:28:47,437 - INFO - Database connection established
2025-04-15 13:28:47,453 - INFO - Database connection established
2025-04-15 13:28:47,454 - INFO - Gathering committee reports...
2025-04-15 13:28:47,462 - INFO - Found 80 meetings with committee reports
2025-04-15 13:28:47,462 - INFO - Gathering all removed agenda items...
2025-04-15 13:28:47,465 - INFO - Found 0 removed agenda items
2025-04-15 13:28:47,465 - INFO - Gathering committee meeting agenda items for these meetings that aren't removed...
2025-04-15 13:28:47,476 - INFO - Found 135 legislation items for agenda items
2025-04-15 13:28:47,477 - WARNING - Legislation ID None not found in                                legislation results
CommitteeMeetingAgendaItems.Id: 3293
2025-04-15 13:28:47,477 - WARNING - Legislation ID None not found in                                legislation results
CommitteeMeetingAgendaItems.Id: 3294
2025-04-15 13:28:47,477 - WARNING - Legislation ID None not found in                                legislation results
CommitteeMeetingAgendaItems.Id: 3295
2025-04-15 13:28:47,477 - WARNING - Legislation ID None not found in                                legislation results
CommitteeMeetingAgendaItems.Id: 3399
2025-04-15 13:28:47,477 - WARNING - Legislation ID None not found in                                legislation results
CommitteeMeetingAgendaItems.Id: 3403
2025-04-15 13:28:47,478 - WARNING - Legislation ID None not found in                                legislation results
CommitteeMeetingAgendaItems.Id: 3404
2025-04-15 13:28:47,478 - WARNING - Legislation ID None not found in                                legislation results
CommitteeMeetingAgendaItems.Id: 3405
2025-04-15 13:28:47,478 - WARNING - Legislation ID None not found in                                legislation results
CommitteeMeetingAgendaItems.Id: 3407
2025-04-15 13:28:47,478 - WARNING - Legislation ID None not found in                                legislation results
CommitteeMeetingAgendaItems.Id: 3409
2025-04-15 13:28:47,478 - WARNING - Legislation ID None not found in                                legislation results
CommitteeMeetingAgendaItems.Id: 3416
2025-04-15 13:28:47,479 - WARNING - Legislation ID None not found in                                legislation results
CommitteeMeetingAgendaItems.Id: 3418
2025-04-15 13:28:47,479 - WARNING - Legislation ID None not found in                                legislation results
CommitteeMeetingAgendaItems.Id: 3451
2025-04-15 13:28:47,479 - WARNING - Legislation ID None not found in                                legislation results
CommitteeMeetingAgendaItems.Id: 3452
2025-04-15 13:28:47,479 - WARNING - Legislation ID None not found in                                legislation results
CommitteeMeetingAgendaItems.Id: 3460
2025-04-15 13:28:47,479 - WARNING - Legislation ID None not found in                                legislation results
CommitteeMeetingAgendaItems.Id: 3487
2025-04-15 13:28:47,480 - WARNING - Legislation ID None not found in                                legislation results
CommitteeMeetingAgendaItems.Id: 4444
2025-04-15 13:28:47,480 - WARNING - Legislation ID None not found in                                legislation results
CommitteeMeetingAgendaItems.Id: 4446
2025-04-15 13:28:47,480 - WARNING - Legislation ID None not found in                                legislation results
CommitteeMeetingAgendaItems.Id: 4447
2025-04-15 13:28:47,481 - WARNING - Legislation ID None not found in                                legislation results
CommitteeMeetingAgendaItems.Id: 5796
2025-04-15 13:28:47,481 - WARNING - Legislation ID None not found in                                legislation results
CommitteeMeetingAgendaItems.Id: 5797
2025-04-15 13:28:47,481 - WARNING - Legislation ID None not found in                                legislation results
CommitteeMeetingAgendaItems.Id: 5798
2025-04-15 13:28:47,481 - WARNING - Legislation ID None not found in                                legislation results
CommitteeMeetingAgendaItems.Id: 5799
2025-04-15 13:28:47,481 - WARNING - Legislation ID None not found in                                legislation results
CommitteeMeetingAgendaItems.Id: 5800
2025-04-15 13:28:47,481 - WARNING - Legislation ID None not found in                                legislation results
CommitteeMeetingAgendaItems.Id: 5801
2025-04-15 13:28:47,482 - WARNING - Legislation ID None not found in                                legislation results
CommitteeMeetingAgendaItems.Id: 5824
2025-04-15 13:28:47,482 - WARNING - Legislation ID None not found in                                legislation results
CommitteeMeetingAgendaItems.Id: 5825
2025-04-15 13:28:47,482 - WARNING - Legislation ID None not found in                                legislation results
CommitteeMeetingAgendaItems.Id: 5826
2025-04-15 13:28:47,482 - WARNING - Legislation ID None not found in                                legislation results
CommitteeMeetingAgendaItems.Id: 5830
2025-04-15 13:28:47,482 - WARNING - Legislation ID None not found in                                legislation results
CommitteeMeetingAgendaItems.Id: 5831
2025-04-15 13:28:47,482 - WARNING - Legislation ID None not found in                                legislation results
CommitteeMeetingAgendaItems.Id: 10774
2025-04-15 13:28:47,482 - WARNING - Legislation ID None not found in                                legislation results
CommitteeMeetingAgendaItems.Id: 10775
2025-04-15 13:28:47,483 - WARNING - Legislation ID None not found in                                legislation results
CommitteeMeetingAgendaItems.Id: 10780
2025-04-15 13:28:47,483 - WARNING - Legislation ID None not found in                                legislation results
CommitteeMeetingAgendaItems.Id: 10782
2025-04-15 13:28:47,483 - WARNING - Legislation ID None not found in                                legislation results
CommitteeMeetingAgendaItems.Id: 10783
2025-04-15 13:28:47,483 - WARNING - Legislation ID None not found in                                legislation results
CommitteeMeetingAgendaItems.Id: 10785
2025-04-15 13:28:47,483 - WARNING - Legislation ID None not found in                                legislation results
CommitteeMeetingAgendaItems.Id: 11779
2025-04-15 13:28:47,483 - WARNING - Legislation ID None not found in                                legislation results
CommitteeMeetingAgendaItems.Id: 11780
2025-04-15 13:28:47,484 - WARNING - Legislation ID None not found in                                legislation results
CommitteeMeetingAgendaItems.Id: 17778
2025-04-15 13:28:47,484 - WARNING - Legislation ID None not found in                                legislation results
CommitteeMeetingAgendaItems.Id: 18775
2025-04-15 13:28:47,484 - WARNING - Legislation ID None not found in                                legislation results
CommitteeMeetingAgendaItems.Id: 18776
2025-04-15 13:28:47,484 - INFO - Found 207 agenda items connected to meetings with committee reports
2025-04-15 13:28:47,484 - INFO - Gathering additional meeting and committee information...
2025-04-15 13:28:47,488 - INFO - appending committee info to 207 agenda items
2025-04-15 13:28:47,489 - INFO - Gathering CommitteeReportPublishedItems...
2025-04-15 13:28:47,490 - INFO - Gathered 3 CommitteeReportPublishedItems.
2025-04-15 13:28:47,491 - INFO - Marked 3 published agenda items.
2025-04-15 13:28:47,491 - INFO - Gathering CommitteeReportCommitteeActionToAgendaItems...
2025-04-15 13:28:47,492 - INFO - Gathered 5 action to agenda items.
2025-04-15 13:28:47,492 - INFO - Gathering CommitteeReportPublishedActions...
2025-04-15 13:28:47,494 - INFO - Gathered 5 CommitteeReportPublishedActions.
2025-04-15 13:28:47,494 - INFO - Gathering member roll calls...
2025-04-15 13:28:47,496 - INFO - === PRE-DEPLOYMENT DATA COUNTS ===
2025-04-15 13:28:47,496 - INFO - COMMITTEE_REPORTS: 80
2025-04-15 13:28:47,496 - INFO - AGENDA_ITEMS: 207
2025-04-15 13:28:47,496 - INFO - PUBLISHED_AGENDA_ITEMS: 3
2025-04-15 13:28:47,497 - INFO - ROLL_CALLS: 9
2025-04-15 13:28:47,497 - INFO - PUBLISHED_ROLL_CALLS: 0
2025-04-15 13:28:47,497 - INFO - AGENDA_ITEM_ACTIONS: 5
2025-04-15 13:28:47,497 - INFO - PUBLISHED_AGENDA_ITEM_ACTIONS: 5
2025-04-15 13:28:47,497 - INFO - REMOVED_AGENDA_ITEMS: 0
2025-04-15 13:28:47,497 - INFO - LEGISLATION_ITEMS: 135
2025-04-15 13:28:47,499 - INFO - Database connection closed
2025-04-15 13:28:47,501 - INFO - Database connection closed
2025-04-15 13:28:47,513 - INFO - Data saved to migration_data.json
2025-04-15 13:28:47,513 - INFO - Pre-deployment data gathering completed successfully and saved to migration_data.json
