2025-04-15 14:47:19,575 - INFO - Starting pre-deployment data gathering
2025-04-15 14:47:19,664 - INFO - Database connection established
2025-04-15 14:47:19,681 - INFO - Database connection established
2025-04-15 14:47:19,681 - INFO - Gathering committee actions...
2025-04-15 14:47:19,682 - INFO - Gathered 21 committee actions.
2025-04-15 14:47:19,682 - INFO - Gathering committee reports...
2025-04-15 14:47:19,693 - INFO - Found 80 meetings with committee reports
2025-04-15 14:47:19,693 - INFO - Gathering all removed agenda items...
2025-04-15 14:47:19,695 - INFO - Found 2 removed agenda items
2025-04-15 14:47:19,696 - INFO - Gathering committee meeting agenda items for these meetings that aren't removed...
2025-04-15 14:47:19,713 - INFO - Found 134 legislation items for agenda items
2025-04-15 14:47:19,714 - INFO - Found 205 agenda items connected to meetings with committee reports
2025-04-15 14:47:19,714 - INFO - Gathering additional meeting and committee information...
2025-04-15 14:47:19,718 - INFO - appending committee info to 205 agenda items
2025-04-15 14:47:19,719 - INFO - Gathering CommitteeReportPublishedItems...
2025-04-15 14:47:19,720 - INFO - Gathered 3 CommitteeReportPublishedItems.
2025-04-15 14:47:19,721 - INFO - Marked 3 published agenda items.
2025-04-15 14:47:19,721 - INFO - Gathering CommitteeReportCommitteeActionToAgendaItems...
2025-04-15 14:47:19,722 - INFO - Gathered 5 action to agenda items.
2025-04-15 14:47:19,723 - INFO - Gathering CommitteeReportPublishedActions...
2025-04-15 14:47:19,724 - INFO - Gathered 5 CommitteeReportPublishedActions.
2025-04-15 14:47:19,724 - INFO - Gathering member roll calls...
2025-04-15 14:47:19,726 - INFO - === PRE-DEPLOYMENT DATA COUNTS ===
2025-04-15 14:47:19,726 - INFO - COMMITTEE_REPORTS: 80
2025-04-15 14:47:19,726 - INFO - AGENDA_ITEMS: 205
2025-04-15 14:47:19,727 - INFO - PUBLISHED_AGENDA_ITEMS: 3
2025-04-15 14:47:19,727 - INFO - ROLL_CALLS: 12
2025-04-15 14:47:19,727 - INFO - PUBLISHED_ROLL_CALLS: 0
2025-04-15 14:47:19,727 - INFO - AGENDA_ITEM_ACTIONS: 5
2025-04-15 14:47:19,727 - INFO - PUBLISHED_AGENDA_ITEM_ACTIONS: 5
2025-04-15 14:47:19,727 - INFO - REMOVED_AGENDA_ITEMS: 2
2025-04-15 14:47:19,727 - INFO - LEGISLATION_ITEMS: 134
2025-04-15 14:47:19,728 - INFO - COMMITTEE_ACTIONS: 21
2025-04-15 14:47:19,730 - INFO - Database connection closed
2025-04-15 14:47:19,732 - INFO - Database connection closed
2025-04-15 14:47:19,744 - INFO - Data saved to migration_data.json
2025-04-15 14:47:19,744 - INFO - Pre-deployment data gathering completed successfully and saved to migration_data.json
