2025-04-15 13:26:48,870 - INFO - Starting pre-deployment data gathering
2025-04-15 13:26:48,964 - INFO - Database connection established
2025-04-15 13:26:48,978 - INFO - Database connection established
2025-04-15 13:26:48,978 - INFO - Gathering committee reports...
2025-04-15 13:26:48,983 - INFO - Found 80 meetings with committee reports
2025-04-15 13:26:48,984 - INFO - Gathering all removed agenda items...
2025-04-15 13:26:48,984 - INFO - Found 0 removed agenda items
2025-04-15 13:26:48,985 - INFO - Gathering committee meeting agenda items for these meetings that aren't removed...
2025-04-15 13:26:48,990 - ERROR - Query execution error: ('42000', '[42000] [Microsoft][ODBC Driver 17 for SQL Server]Syntax error, permission violation, or other nonspecific error (0) (SQLExecDirectW)')
Query: 
SELECT [LegislationID]
      ,[SessionID]
      ,[ChamberID]
      ,[Prefix]
      ,[Identifier]
      ,[IsPublic]
      ,[DateAdded]
      ,[LastModified]
      ,[LastModifiedBy]
      ,[IsActive]
FROM [dbo].[Legislation]
WHERE [LegislationID] IN ({legislation_ids_string})

2025-04-15 13:26:48,992 - INFO - Database connection closed
2025-04-15 13:26:48,994 - INFO - Database connection closed
2025-04-15 13:26:48,994 - ERROR - Error during data gathering: ('42000', '[42000] [Microsoft][ODBC Driver 17 for SQL Server]Syntax error, permission violation, or other nonspecific error (0) (SQLExecDirectW)')
