2025-07-08 17:01:40,892 - INFO - Starting pre-deployment data gathering
2025-07-08 17:01:41,268 - INFO - Database connection established
2025-07-08 17:01:41,630 - INFO - Database connection established
2025-07-08 17:01:41,630 - INFO - Gathering committee actions...
2025-07-08 17:01:41,666 - INFO - Gathered 21 committee actions.
2025-07-08 17:01:41,666 - INFO - Gathering committee reports...
2025-07-08 17:01:57,771 - INFO - Found 152 meetings with committee reports
2025-07-08 17:01:57,771 - INFO - Gathering all removed agenda items...
2025-07-08 17:01:57,833 - INFO - Found 2 removed agenda items
2025-07-08 17:01:57,836 - INFO - Gathering committee meeting agenda items for these meetings that aren't removed...
2025-07-08 17:01:58,007 - INFO - Found 214 legislation items for agenda items
2025-07-08 17:01:58,012 - INFO - Found 427 agenda items connected to meetings with committee reports
2025-07-08 17:01:58,013 - INFO - Gathering additional meeting and committee information...
2025-07-08 17:01:58,058 - INFO - appending committee info to 427 agenda items
2025-07-08 17:01:58,059 - INFO - Gathering CommitteeReportPublishedItems...
2025-07-08 17:01:58,091 - INFO - Gathered 231 CommitteeReportPublishedItems.
2025-07-08 17:01:58,091 - INFO - Marked 231 published agenda items.
2025-07-08 17:01:58,092 - INFO - Gathering CommitteeReportCommitteeActionToAgendaItems...
2025-07-08 17:01:58,152 - INFO - Gathered 376 action to agenda items.
2025-07-08 17:01:58,153 - INFO - Gathering CommitteeReportPublishedActions...
2025-07-08 17:01:58,214 - INFO - Gathered 269 CommitteeReportPublishedActions.
2025-07-08 17:01:58,214 - INFO - Gathering member roll calls...
2025-07-08 17:01:59,452 - INFO - === PRE-DEPLOYMENT DATA COUNTS ===
2025-07-08 17:01:59,453 - INFO - COMMITTEE_REPORTS: 152
2025-07-08 17:01:59,453 - INFO - AGENDA_ITEMS: 427
2025-07-08 17:01:59,453 - INFO - PUBLISHED_AGENDA_ITEMS: 231
2025-07-08 17:01:59,453 - INFO - ROLL_CALLS: 3758
2025-07-08 17:01:59,454 - INFO - PUBLISHED_ROLL_CALLS: 0
2025-07-08 17:01:59,454 - INFO - AGENDA_ITEM_ACTIONS: 376
2025-07-08 17:01:59,454 - INFO - PUBLISHED_AGENDA_ITEM_ACTIONS: 269
2025-07-08 17:01:59,454 - INFO - REMOVED_AGENDA_ITEMS: 2
2025-07-08 17:01:59,455 - INFO - LEGISLATION_ITEMS: 214
2025-07-08 17:01:59,455 - INFO - COMMITTEE_ACTIONS: 21
2025-07-08 17:01:59,516 - INFO - Database connection closed
2025-07-08 17:01:59,578 - INFO - Database connection closed
2025-07-08 17:01:59,578 - ERROR - Error during data gathering: [Errno 2] No such file or directory: 'prod_data/migration_data.json'
