2025-04-16 14:25:12,511 - INFO - Starting pre-deployment data gathering
2025-04-16 14:25:12,929 - INFO - Database connection established
2025-04-16 14:25:13,227 - INFO - Database connection established
2025-04-16 14:25:13,228 - INFO - Gathering committee actions...
2025-04-16 14:25:13,269 - INFO - Gathered 21 committee actions.
2025-04-16 14:25:13,270 - INFO - Gathering committee reports...
2025-04-16 14:25:28,339 - INFO - Found 73 meetings with committee reports
2025-04-16 14:25:28,339 - INFO - Gathering all removed agenda items...
2025-04-16 14:25:28,374 - INFO - Found 0 removed agenda items
2025-04-16 14:25:28,375 - INFO - Gathering committee meeting agenda items for these meetings that aren't removed...
2025-04-16 14:25:28,486 - INFO - Found 59 legislation items for agenda items
2025-04-16 14:25:28,486 - INFO - Found 164 agenda items connected to meetings with committee reports
2025-04-16 14:25:28,487 - INFO - Gathering additional meeting and committee information...
2025-04-16 14:25:28,530 - INFO - appending committee info to 164 agenda items
2025-04-16 14:25:28,530 - INFO - Gathering CommitteeReportPublishedItems...
2025-04-16 14:25:28,564 - INFO - Gathered 82 CommitteeReportPublishedItems.
2025-04-16 14:25:28,565 - INFO - Marked 82 published agenda items.
2025-04-16 14:25:28,566 - INFO - Gathering CommitteeReportCommitteeActionToAgendaItems...
2025-04-16 14:25:28,604 - INFO - Gathered 110 action to agenda items.
2025-04-16 14:25:28,604 - INFO - Gathering CommitteeReportPublishedActions...
2025-04-16 14:25:28,655 - INFO - Gathered 6 CommitteeReportPublishedActions.
2025-04-16 14:25:28,655 - INFO - Gathering member roll calls...
2025-04-16 14:25:29,241 - INFO - === PRE-DEPLOYMENT DATA COUNTS ===
2025-04-16 14:25:29,242 - INFO - COMMITTEE_REPORTS: 73
2025-04-16 14:25:29,242 - INFO - AGENDA_ITEMS: 164
2025-04-16 14:25:29,243 - INFO - PUBLISHED_AGENDA_ITEMS: 82
2025-04-16 14:25:29,243 - INFO - ROLL_CALLS: 1364
2025-04-16 14:25:29,244 - INFO - PUBLISHED_ROLL_CALLS: 0
2025-04-16 14:25:29,244 - INFO - AGENDA_ITEM_ACTIONS: 110
2025-04-16 14:25:29,245 - INFO - PUBLISHED_AGENDA_ITEM_ACTIONS: 6
2025-04-16 14:25:29,246 - INFO - REMOVED_AGENDA_ITEMS: 0
2025-04-16 14:25:29,246 - INFO - LEGISLATION_ITEMS: 59
2025-04-16 14:25:29,247 - INFO - COMMITTEE_ACTIONS: 21
2025-04-16 14:25:29,314 - INFO - Database connection closed
2025-04-16 14:25:29,379 - INFO - Database connection closed
2025-04-16 14:25:29,432 - INFO - Data saved to iso_data/migration_data.json
2025-04-16 14:25:29,432 - INFO - Pre-deployment data gathering completed successfully and saved to iso_data/migration_data.json
