2025-05-21 09:53:57,553 - INFO - Starting pre-deployment data gathering
2025-05-21 09:53:57,821 - INFO - Database connection established
2025-05-21 09:53:57,874 - INFO - Database connection established
2025-05-21 09:53:57,875 - INFO - Gathering committee actions...
2025-05-21 09:53:57,882 - INFO - Gathered 21 committee actions.
2025-05-21 09:53:57,882 - INFO - Gathering committee reports...
2025-05-21 09:53:57,990 - INFO - Found 113 meetings with committee reports
2025-05-21 09:53:57,991 - INFO - Gathering all removed agenda items...
2025-05-21 09:53:57,995 - INFO - Found 2 removed agenda items
2025-05-21 09:53:57,996 - INFO - Gathering committee meeting agenda items for these meetings that aren't removed...
2025-05-21 09:53:58,077 - INFO - Found 116 legislation items for agenda items
2025-05-21 09:53:58,079 - INFO - Found 280 agenda items connected to meetings with committee reports
2025-05-21 09:53:58,080 - INFO - Gathering additional meeting and committee information...
2025-05-21 09:53:58,123 - INFO - appending committee info to 280 agenda items
2025-05-21 09:53:58,124 - INFO - Gathering CommitteeReportPublishedItems...
2025-05-21 09:53:58,128 - INFO - Gathered 164 CommitteeReportPublishedItems.
2025-05-21 09:53:58,129 - INFO - Marked 164 published agenda items.
2025-05-21 09:53:58,129 - INFO - Gathering CommitteeReportCommitteeActionToAgendaItems...
2025-05-21 09:53:58,134 - INFO - Gathered 253 action to agenda items.
2025-05-21 09:53:58,134 - INFO - Gathering CommitteeReportPublishedActions...
2025-05-21 09:53:58,139 - INFO - Gathered 146 CommitteeReportPublishedActions.
2025-05-21 09:53:58,139 - INFO - Gathering member roll calls...
2025-05-21 09:53:58,164 - INFO - === PRE-DEPLOYMENT DATA COUNTS ===
2025-05-21 09:53:58,164 - INFO - COMMITTEE_REPORTS: 113
2025-05-21 09:53:58,164 - INFO - AGENDA_ITEMS: 280
2025-05-21 09:53:58,165 - INFO - PUBLISHED_AGENDA_ITEMS: 164
2025-05-21 09:53:58,165 - INFO - ROLL_CALLS: 2468
2025-05-21 09:53:58,165 - INFO - PUBLISHED_ROLL_CALLS: 0
2025-05-21 09:53:58,166 - INFO - AGENDA_ITEM_ACTIONS: 253
2025-05-21 09:53:58,166 - INFO - PUBLISHED_AGENDA_ITEM_ACTIONS: 146
2025-05-21 09:53:58,166 - INFO - REMOVED_AGENDA_ITEMS: 2
2025-05-21 09:53:58,166 - INFO - LEGISLATION_ITEMS: 116
2025-05-21 09:53:58,167 - INFO - COMMITTEE_ACTIONS: 21
2025-05-21 09:53:58,171 - INFO - Database connection closed
2025-05-21 09:53:58,174 - INFO - Database connection closed
2025-05-21 09:53:58,305 - INFO - Data saved to local_data/migration_data.json
2025-05-21 09:53:58,305 - INFO - Pre-deployment data gathering completed successfully and saved to local_data/migration_data.json
