2025-04-16 12:51:05,567 - INFO - Starting pre-deployment data gathering
2025-04-16 12:51:05,670 - INFO - Database connection established
2025-04-16 12:51:05,690 - INFO - Database connection established
2025-04-16 12:51:05,690 - INFO - Gathering committee actions...
2025-04-16 12:51:05,693 - INFO - Gathered 21 committee actions.
2025-04-16 12:51:05,694 - INFO - Gathering committee reports...
2025-04-16 12:51:05,697 - INFO - Found 2 meetings with committee reports
2025-04-16 12:51:05,697 - INFO - Gathering all removed agenda items...
2025-04-16 12:51:05,699 - INFO - Found 1 removed agenda items
2025-04-16 12:51:05,700 - INFO - Gathering committee meeting agenda items for these meetings that aren't removed...
2025-04-16 12:51:05,704 - INFO - Found 1 legislation items for agenda items
2025-04-16 12:51:05,705 - INFO - Found 2 agenda items connected to meetings with committee reports
2025-04-16 12:51:05,705 - INFO - Gathering additional meeting and committee information...
2025-04-16 12:51:05,709 - INFO - appending committee info to 2 agenda items
2025-04-16 12:51:05,709 - INFO - Gathering CommitteeReportPublishedItems...
2025-04-16 12:51:05,712 - INFO - Gathered 2 CommitteeReportPublishedItems.
2025-04-16 12:51:05,712 - INFO - Marked 2 published agenda items.
2025-04-16 12:51:05,712 - INFO - Gathering CommitteeReportCommitteeActionToAgendaItems...
2025-04-16 12:51:05,715 - INFO - Gathered 3 action to agenda items.
2025-04-16 12:51:05,715 - INFO - Gathering CommitteeReportPublishedActions...
2025-04-16 12:51:05,719 - INFO - Gathered 3 CommitteeReportPublishedActions.
2025-04-16 12:51:05,719 - INFO - Gathering member roll calls...
2025-04-16 12:51:05,722 - INFO - === PRE-DEPLOYMENT DATA COUNTS ===
2025-04-16 12:51:05,723 - INFO - COMMITTEE_REPORTS: 2
2025-04-16 12:51:05,723 - INFO - AGENDA_ITEMS: 2
2025-04-16 12:51:05,723 - INFO - PUBLISHED_AGENDA_ITEMS: 2
2025-04-16 12:51:05,723 - INFO - ROLL_CALLS: 6
2025-04-16 12:51:05,723 - INFO - PUBLISHED_ROLL_CALLS: 0
2025-04-16 12:51:05,724 - INFO - AGENDA_ITEM_ACTIONS: 3
2025-04-16 12:51:05,724 - INFO - PUBLISHED_AGENDA_ITEM_ACTIONS: 3
2025-04-16 12:51:05,724 - INFO - REMOVED_AGENDA_ITEMS: 1
2025-04-16 12:51:05,724 - INFO - LEGISLATION_ITEMS: 1
2025-04-16 12:51:05,724 - INFO - COMMITTEE_ACTIONS: 21
2025-04-16 12:51:05,727 - INFO - Database connection closed
2025-04-16 12:51:05,730 - INFO - Database connection closed
2025-04-16 12:51:05,731 - INFO - Data saved to migration_data.json
2025-04-16 12:51:05,731 - INFO - Pre-deployment data gathering completed successfully and saved to migration_data.json
