2025-04-15 13:32:07,138 - INFO - Starting pre-deployment data gathering
2025-04-15 13:32:07,222 - INFO - Database connection established
2025-04-15 13:32:07,237 - INFO - Database connection established
2025-04-15 13:32:07,237 - INFO - Gathering committee reports...
2025-04-15 13:32:07,243 - INFO - Found 80 meetings with committee reports
2025-04-15 13:32:07,243 - INFO - Gathering all removed agenda items...
2025-04-15 13:32:07,244 - INFO - Found 0 removed agenda items
2025-04-15 13:32:07,244 - INFO - Gathering committee meeting agenda items for these meetings that aren't removed...
2025-04-15 13:32:07,250 - INFO - Found 135 legislation items for agenda items
2025-04-15 13:32:07,250 - WARNING - ** Legislation items not found for agenda items: ['legislationid: None,                                CommitteeMeetingAgendaItems.Id: 3293', 'legislationid: None,                                CommitteeMeetingAgendaItems.Id: 3294', 'legislationid: None,                                CommitteeMeetingAgendaItems.Id: 3295', 'legislationid: None,                                CommitteeMeetingAgendaItems.Id: 3399', 'legislationid: None,                                CommitteeMeetingAgendaItems.Id: 3403', 'legislationid: None,                                CommitteeMeetingAgendaItems.Id: 3404', 'legislationid: None,                                CommitteeMeetingAgendaItems.Id: 3405', 'legislationid: None,                                CommitteeMeetingAgendaItems.Id: 3407', 'legislationid: None,                                CommitteeMeetingAgendaItems.Id: 3409', 'legislationid: None,                                CommitteeMeetingAgendaItems.Id: 3416', 'legislationid: None,                                CommitteeMeetingAgendaItems.Id: 3418', 'legislationid: None,                                CommitteeMeetingAgendaItems.Id: 3451', 'legislationid: None,                                CommitteeMeetingAgendaItems.Id: 3452', 'legislationid: None,                                CommitteeMeetingAgendaItems.Id: 3460', 'legislationid: None,                                CommitteeMeetingAgendaItems.Id: 3487', 'legislationid: None,                                CommitteeMeetingAgendaItems.Id: 4444', 'legislationid: None,                                CommitteeMeetingAgendaItems.Id: 4446', 'legislationid: None,                                CommitteeMeetingAgendaItems.Id: 4447', 'legislationid: None,                                CommitteeMeetingAgendaItems.Id: 5796', 'legislationid: None,                                CommitteeMeetingAgendaItems.Id: 5797', 'legislationid: None,                                CommitteeMeetingAgendaItems.Id: 5798', 'legislationid: None,                                CommitteeMeetingAgendaItems.Id: 5799', 'legislationid: None,                                CommitteeMeetingAgendaItems.Id: 5800', 'legislationid: None,                                CommitteeMeetingAgendaItems.Id: 5801', 'legislationid: None,                                CommitteeMeetingAgendaItems.Id: 5824', 'legislationid: None,                                CommitteeMeetingAgendaItems.Id: 5825', 'legislationid: None,                                CommitteeMeetingAgendaItems.Id: 5826', 'legislationid: None,                                CommitteeMeetingAgendaItems.Id: 5830', 'legislationid: None,                                CommitteeMeetingAgendaItems.Id: 5831', 'legislationid: None,                                CommitteeMeetingAgendaItems.Id: 10774', 'legislationid: None,                                CommitteeMeetingAgendaItems.Id: 10775', 'legislationid: None,                                CommitteeMeetingAgendaItems.Id: 10780', 'legislationid: None,                                CommitteeMeetingAgendaItems.Id: 10782', 'legislationid: None,                                CommitteeMeetingAgendaItems.Id: 10783', 'legislationid: None,                                CommitteeMeetingAgendaItems.Id: 10785', 'legislationid: None,                                CommitteeMeetingAgendaItems.Id: 11779', 'legislationid: None,                                CommitteeMeetingAgendaItems.Id: 11780', 'legislationid: None,                                CommitteeMeetingAgendaItems.Id: 17778', 'legislationid: None,                                CommitteeMeetingAgendaItems.Id: 18775', 'legislationid: None,                                CommitteeMeetingAgendaItems.Id: 18776']
2025-04-15 13:32:07,251 - INFO - Found 207 agenda items connected to meetings with committee reports
2025-04-15 13:32:07,251 - INFO - Gathering additional meeting and committee information...
2025-04-15 13:32:07,258 - INFO - appending committee info to 207 agenda items
2025-04-15 13:32:07,258 - INFO - Gathering CommitteeReportPublishedItems...
2025-04-15 13:32:07,259 - INFO - Gathered 3 CommitteeReportPublishedItems.
2025-04-15 13:32:07,260 - INFO - Marked 3 published agenda items.
2025-04-15 13:32:07,260 - INFO - Gathering CommitteeReportCommitteeActionToAgendaItems...
2025-04-15 13:32:07,261 - INFO - Gathered 5 action to agenda items.
2025-04-15 13:32:07,261 - INFO - Gathering CommitteeReportPublishedActions...
2025-04-15 13:32:07,262 - INFO - Gathered 5 CommitteeReportPublishedActions.
2025-04-15 13:32:07,262 - INFO - Gathering member roll calls...
2025-04-15 13:32:07,263 - INFO - === PRE-DEPLOYMENT DATA COUNTS ===
2025-04-15 13:32:07,263 - INFO - COMMITTEE_REPORTS: 80
2025-04-15 13:32:07,263 - INFO - AGENDA_ITEMS: 207
2025-04-15 13:32:07,263 - INFO - PUBLISHED_AGENDA_ITEMS: 3
2025-04-15 13:32:07,263 - INFO - ROLL_CALLS: 9
2025-04-15 13:32:07,263 - INFO - PUBLISHED_ROLL_CALLS: 0
2025-04-15 13:32:07,263 - INFO - AGENDA_ITEM_ACTIONS: 5
2025-04-15 13:32:07,264 - INFO - PUBLISHED_AGENDA_ITEM_ACTIONS: 5
2025-04-15 13:32:07,264 - INFO - REMOVED_AGENDA_ITEMS: 0
2025-04-15 13:32:07,264 - INFO - LEGISLATION_ITEMS: 135
2025-04-15 13:32:07,265 - INFO - Database connection closed
2025-04-15 13:32:07,266 - INFO - Database connection closed
2025-04-15 13:32:07,278 - INFO - Data saved to migration_data.json
2025-04-15 13:32:07,278 - INFO - Pre-deployment data gathering completed successfully and saved to migration_data.json
