2025-03-19 18:50:00,657 - INFO - Starting post-deployment data restoration
2025-03-19 18:50:00,744 - INFO - Database connection established
2025-03-19 18:50:00,744 - INFO - Transaction started
2025-03-19 18:50:00,758 - INFO - Data loaded from migration_data.json
2025-03-19 18:50:00,758 - INFO - === PRE-DEPLOYMENT DATA COUNTS (FROM JSON) ===
2025-03-19 18:50:00,759 - INFO - Committee Reports: 52
2025-03-19 18:50:00,759 - INFO - Agenda Items: 209
2025-03-19 18:50:00,759 - INFO - Removed Agenda Items: 19
2025-03-19 18:50:00,759 - INFO - Published Agenda Items: 34
2025-03-19 18:50:00,760 - INFO - Roll Calls: 1606
2025-03-19 18:50:00,760 - INFO - Published Roll Calls: 0
2025-03-19 18:50:00,760 - INFO - Agenda Item Actions: 14
2025-03-19 18:50:00,760 - INFO - Published Agenda Item Actions: 2
2025-03-19 18:50:00,760 - INFO - Updating CommitteeReports table with additional fields...
2025-03-19 18:50:00,919 - INFO - Updated 52 committee reports with additional fields
2025-03-19 18:50:00,919 - INFO - Inserting data into CommitteeReportAgendaItems...
2025-03-19 18:50:00,919 - INFO - Found 31 published items and 19 removed items
2025-03-19 18:50:00,923 - INFO - Flagging item as published: Meeting ID 1283, Agenda Item ID 4400
2025-03-19 18:50:00,931 - INFO - Flagging item as published: Meeting ID 1301, Agenda Item ID 14774
2025-03-19 18:50:00,954 - INFO - Flagging item as published: Meeting ID 944, Agenda Item ID 3406
2025-03-19 18:50:01,000 - INFO - Flagging item as published: Meeting ID 1282, Agenda Item ID 4392
2025-03-19 18:50:01,109 - INFO - Flagging item as published: Meeting ID 1291, Agenda Item ID 4438
2025-03-19 18:50:01,110 - INFO - Flagging item as published: Meeting ID 1291, Agenda Item ID 4439
2025-03-19 18:50:01,111 - INFO - Flagging item as published: Meeting ID 1291, Agenda Item ID 4440
2025-03-19 18:50:01,112 - INFO - Flagging item as published: Meeting ID 1292, Agenda Item ID 4441
2025-03-19 18:50:01,115 - INFO - Flagging item as published: Meeting ID 1292, Agenda Item ID 4442
2025-03-19 18:50:01,117 - INFO - Flagging item as published: Meeting ID 1292, Agenda Item ID 4443
2025-03-19 18:50:01,119 - INFO - Flagging item as published: Meeting ID 1292, Agenda Item ID 4444
2025-03-19 18:50:01,124 - INFO - Flagging item as published: Meeting ID 945, Agenda Item ID 3408
2025-03-19 18:50:01,135 - INFO - Flagging item as published: Meeting ID 951, Agenda Item ID 3430
2025-03-19 18:50:01,180 - INFO - Flagging item as published: Meeting ID 957, Agenda Item ID 3461
2025-03-19 18:50:01,182 - INFO - Flagging item as published: Meeting ID 962, Agenda Item ID 3471
2025-03-19 18:50:01,196 - INFO - Flagging item as published: Meeting ID 960, Agenda Item ID 3467
2025-03-19 18:50:01,205 - INFO - Flagging item as published: Meeting ID 940, Agenda Item ID 3382
2025-03-19 18:50:01,237 - INFO - Flagging item as published: Meeting ID 946, Agenda Item ID 3413
2025-03-19 18:50:01,242 - INFO - Flagging item as published: Meeting ID 946, Agenda Item ID 3414
2025-03-19 18:50:01,263 - INFO - Flagging item as removed: Meeting ID 907, Agenda Item ID 3293
2025-03-19 18:50:01,269 - INFO - Flagging item as removed: Meeting ID 907, Agenda Item ID 3294
2025-03-19 18:50:01,275 - INFO - Flagging item as removed: Meeting ID 907, Agenda Item ID 3295
2025-03-19 18:50:01,295 - INFO - Flagging item as removed: Meeting ID 2787, Agenda Item ID 9438
2025-03-19 18:50:01,299 - INFO - Flagging item as removed: Meeting ID 2787, Agenda Item ID 9439
2025-03-19 18:50:01,303 - INFO - Flagging item as removed: Meeting ID 2787, Agenda Item ID 10776
2025-03-19 18:50:01,308 - INFO - Flagging item as removed: Meeting ID 2787, Agenda Item ID 10777
2025-03-19 18:50:01,313 - INFO - Flagging item as removed: Meeting ID 2787, Agenda Item ID 10778
2025-03-19 18:50:01,318 - INFO - Flagging item as removed: Meeting ID 2787, Agenda Item ID 10779
2025-03-19 18:50:01,327 - INFO - Flagging item as removed: Meeting ID 2787, Agenda Item ID 10781
2025-03-19 18:50:01,365 - INFO - Flagging item as removed: Meeting ID 943, Agenda Item ID 3401
2025-03-19 18:50:01,369 - INFO - Flagging item as published: Meeting ID 3974, Agenda Item ID 10784
2025-03-19 18:50:01,370 - INFO - Flagging item as published: Meeting ID 3974, Agenda Item ID 10785
2025-03-19 18:50:01,370 - INFO - Flagging item as removed: Meeting ID 3974, Agenda Item ID 10785
2025-03-19 18:50:01,372 - INFO - Flagging item as published: Meeting ID 3974, Agenda Item ID 11779
2025-03-19 18:50:01,374 - INFO - Flagging item as published: Meeting ID 3974, Agenda Item ID 11780
2025-03-19 18:50:01,377 - INFO - Flagging item as removed: Meeting ID 4974, Agenda Item ID 12775
2025-03-19 18:50:01,380 - INFO - Flagging item as removed: Meeting ID 4974, Agenda Item ID 12777
2025-03-19 18:50:01,382 - INFO - Flagging item as removed: Meeting ID 4974, Agenda Item ID 12778
2025-03-19 18:50:01,383 - INFO - Flagging item as removed: Meeting ID 4974, Agenda Item ID 12779
2025-03-19 18:50:01,385 - INFO - Flagging item as removed: Meeting ID 4974, Agenda Item ID 12780
2025-03-19 18:50:01,387 - INFO - Flagging item as removed: Meeting ID 4975, Agenda Item ID 12782
2025-03-19 18:50:01,391 - INFO - Flagging item as removed: Meeting ID 4975, Agenda Item ID 12785
2025-03-19 18:50:01,426 - INFO - Inserted 209 agenda items
2025-03-19 18:50:01,426 - INFO - Published agenda items: 23
2025-03-19 18:50:01,426 - INFO - Removed agenda items: 19
2025-03-19 18:50:01,426 - INFO - Inserting data into CommitteeReportAttendance...
2025-03-19 18:50:01,574 - INFO - Inserted 40 attendance records
2025-03-19 18:50:01,575 - INFO - Inserting data into CommitteeReportJointCommittees...
2025-03-19 18:50:01,619 - INFO - Inserted 7 joint committees
2025-03-19 18:50:01,619 - INFO - Inserting data into CommitteeReportActions...
2025-03-19 18:50:01,620 - INFO - Total actions to process: 16
2025-03-19 18:50:01,707 - INFO - Inserted 16 action records, 2 published, 0 skipped
2025-03-19 18:50:01,707 - INFO - Inserting data into CommitteeReportRollCalls...
2025-03-19 18:50:01,707 - INFO - Agenda item mapping sample: (1283, 4398) -> 1
2025-03-19 18:50:01,707 - INFO - Agenda item mapping sample: (1283, 4399) -> 2
2025-03-19 18:50:01,707 - INFO - Agenda item mapping sample: (1283, 4400) -> 3
2025-03-19 18:50:01,708 - INFO - Agenda item mapping sample: (1283, 4401) -> 4
2025-03-19 18:50:01,708 - INFO - Agenda item mapping sample: (1283, 4402) -> 5
2025-03-19 18:50:01,708 - INFO - Agenda item mapping sample: (1301, 4464) -> 6
2025-03-19 18:50:01,708 - INFO - Agenda item mapping sample: (1301, 14774) -> 7
2025-03-19 18:50:01,708 - INFO - Agenda item mapping sample: (1673, 5824) -> 8
2025-03-19 18:50:01,708 - INFO - Agenda item mapping sample: (1673, 5825) -> 9
2025-03-19 18:50:01,708 - INFO - Agenda item mapping sample: (1673, 5826) -> 10
2025-03-19 18:50:01,708 - WARNING - No new agenda item ID found for meeting ID 1301 and agenda item ID 6593, skipping roll call
2025-03-19 18:50:01,709 - WARNING - No new agenda item ID found for meeting ID 1301 and agenda item ID 6593, skipping roll call
2025-03-19 18:50:01,709 - WARNING - No new agenda item ID found for meeting ID 1301 and agenda item ID 6593, skipping roll call
2025-03-19 18:50:01,709 - WARNING - No new agenda item ID found for meeting ID 1673 and agenda item ID 8554, skipping roll call
2025-03-19 18:50:01,709 - WARNING - No new agenda item ID found for meeting ID 1673 and agenda item ID 8554, skipping roll call
2025-03-19 18:50:01,709 - WARNING - No new agenda item ID found for meeting ID 1673 and agenda item ID 8554, skipping roll call
2025-03-19 18:50:01,709 - WARNING - No new agenda item ID found for meeting ID 1673 and agenda item ID 8555, skipping roll call
2025-03-19 18:50:01,709 - WARNING - No new agenda item ID found for meeting ID 1673 and agenda item ID 8555, skipping roll call
2025-03-19 18:50:01,710 - WARNING - No new agenda item ID found for meeting ID 1673 and agenda item ID 8555, skipping roll call
2025-03-19 18:50:01,710 - WARNING - No new agenda item ID found for meeting ID 1673 and agenda item ID 8556, skipping roll call
2025-03-19 18:50:01,710 - WARNING - No new agenda item ID found for meeting ID 1673 and agenda item ID 8556, skipping roll call
2025-03-19 18:50:01,710 - WARNING - No new agenda item ID found for meeting ID 1673 and agenda item ID 8556, skipping roll call
2025-03-19 18:50:01,711 - WARNING - No new agenda item ID found for meeting ID 1673 and agenda item ID 8557, skipping roll call
2025-03-19 18:50:01,711 - WARNING - No new agenda item ID found for meeting ID 1673 and agenda item ID 8557, skipping roll call
2025-03-19 18:50:01,711 - WARNING - No new agenda item ID found for meeting ID 1673 and agenda item ID 8557, skipping roll call
2025-03-19 18:50:01,711 - WARNING - No new agenda item ID found for meeting ID 2665 and agenda item ID 8558, skipping roll call
2025-03-19 18:50:01,711 - WARNING - No new agenda item ID found for meeting ID 2665 and agenda item ID 8558, skipping roll call
2025-03-19 18:50:01,712 - WARNING - No new agenda item ID found for meeting ID 2665 and agenda item ID 8558, skipping roll call
2025-03-19 18:50:01,712 - WARNING - No new agenda item ID found for meeting ID 934 and agenda item ID 8559, skipping roll call
2025-03-19 18:50:01,712 - WARNING - No new agenda item ID found for meeting ID 934 and agenda item ID 8559, skipping roll call
2025-03-19 18:50:01,712 - WARNING - No new agenda item ID found for meeting ID 934 and agenda item ID 8559, skipping roll call
2025-03-19 18:50:01,712 - WARNING - No new agenda item ID found for meeting ID 934 and agenda item ID 8559, skipping roll call
2025-03-19 18:50:01,713 - WARNING - No new agenda item ID found for meeting ID 934 and agenda item ID 8559, skipping roll call
2025-03-19 18:50:01,713 - WARNING - No new agenda item ID found for meeting ID 934 and agenda item ID 8559, skipping roll call
2025-03-19 18:50:01,714 - WARNING - No new agenda item ID found for meeting ID 934 and agenda item ID 8559, skipping roll call
2025-03-19 18:50:01,715 - WARNING - No new agenda item ID found for meeting ID 934 and agenda item ID 8559, skipping roll call
2025-03-19 18:50:01,715 - WARNING - No new agenda item ID found for meeting ID 934 and agenda item ID 8559, skipping roll call
2025-03-19 18:50:01,716 - WARNING - No new agenda item ID found for meeting ID 934 and agenda item ID 8559, skipping roll call
2025-03-19 18:50:01,716 - WARNING - No new agenda item ID found for meeting ID 934 and agenda item ID 8559, skipping roll call
2025-03-19 18:50:01,717 - WARNING - No new agenda item ID found for meeting ID 934 and agenda item ID 8559, skipping roll call
2025-03-19 18:50:01,717 - WARNING - No new agenda item ID found for meeting ID 934 and agenda item ID 8559, skipping roll call
2025-03-19 18:50:01,718 - WARNING - No new agenda item ID found for meeting ID 934 and agenda item ID 8559, skipping roll call
2025-03-19 18:50:01,718 - WARNING - No new agenda item ID found for meeting ID 934 and agenda item ID 8559, skipping roll call
2025-03-19 18:50:01,718 - WARNING - No new agenda item ID found for meeting ID 934 and agenda item ID 8559, skipping roll call
2025-03-19 18:50:01,718 - WARNING - No new agenda item ID found for meeting ID 934 and agenda item ID 8559, skipping roll call
2025-03-19 18:50:01,718 - WARNING - No new agenda item ID found for meeting ID 934 and agenda item ID 8559, skipping roll call
2025-03-19 18:50:01,719 - WARNING - No new agenda item ID found for meeting ID 934 and agenda item ID 8560, skipping roll call
2025-03-19 18:50:01,719 - WARNING - No new agenda item ID found for meeting ID 934 and agenda item ID 8560, skipping roll call
2025-03-19 18:50:01,719 - WARNING - No new agenda item ID found for meeting ID 934 and agenda item ID 8560, skipping roll call
2025-03-19 18:50:01,719 - WARNING - No new agenda item ID found for meeting ID 934 and agenda item ID 8560, skipping roll call
2025-03-19 18:50:01,720 - WARNING - No new agenda item ID found for meeting ID 934 and agenda item ID 8560, skipping roll call
2025-03-19 18:50:01,720 - WARNING - No new agenda item ID found for meeting ID 934 and agenda item ID 8560, skipping roll call
2025-03-19 18:50:01,720 - WARNING - No new agenda item ID found for meeting ID 934 and agenda item ID 8560, skipping roll call
2025-03-19 18:50:01,720 - WARNING - No new agenda item ID found for meeting ID 934 and agenda item ID 8560, skipping roll call
2025-03-19 18:50:01,720 - WARNING - No new agenda item ID found for meeting ID 934 and agenda item ID 8560, skipping roll call
2025-03-19 18:50:01,720 - WARNING - No new agenda item ID found for meeting ID 934 and agenda item ID 8560, skipping roll call
2025-03-19 18:50:01,721 - WARNING - No new agenda item ID found for meeting ID 934 and agenda item ID 8560, skipping roll call
2025-03-19 18:50:01,721 - WARNING - No new agenda item ID found for meeting ID 934 and agenda item ID 8560, skipping roll call
2025-03-19 18:50:01,721 - WARNING - No new agenda item ID found for meeting ID 934 and agenda item ID 8560, skipping roll call
2025-03-19 18:50:01,721 - WARNING - No new agenda item ID found for meeting ID 934 and agenda item ID 8560, skipping roll call
2025-03-19 18:50:01,721 - WARNING - No new agenda item ID found for meeting ID 934 and agenda item ID 8560, skipping roll call
2025-03-19 18:50:01,722 - WARNING - No new agenda item ID found for meeting ID 934 and agenda item ID 8560, skipping roll call
2025-03-19 18:50:01,722 - WARNING - No new agenda item ID found for meeting ID 934 and agenda item ID 8560, skipping roll call
2025-03-19 18:50:01,722 - WARNING - No new agenda item ID found for meeting ID 934 and agenda item ID 8560, skipping roll call
2025-03-19 18:50:01,723 - WARNING - No new agenda item ID found for meeting ID 1676 and agenda item ID 9554, skipping roll call
2025-03-19 18:50:01,723 - WARNING - No new agenda item ID found for meeting ID 1676 and agenda item ID 9554, skipping roll call
2025-03-19 18:50:01,723 - WARNING - No new agenda item ID found for meeting ID 1676 and agenda item ID 9554, skipping roll call
2025-03-19 18:50:01,723 - WARNING - No new agenda item ID found for meeting ID 1676 and agenda item ID 9554, skipping roll call
2025-03-19 18:50:01,724 - WARNING - No new agenda item ID found for meeting ID 1676 and agenda item ID 9555, skipping roll call
2025-03-19 18:50:01,724 - WARNING - No new agenda item ID found for meeting ID 1676 and agenda item ID 9555, skipping roll call
2025-03-19 18:50:01,724 - WARNING - No new agenda item ID found for meeting ID 1676 and agenda item ID 9555, skipping roll call
2025-03-19 18:50:01,724 - WARNING - No new agenda item ID found for meeting ID 1676 and agenda item ID 9555, skipping roll call
2025-03-19 18:50:01,724 - WARNING - No new agenda item ID found for meeting ID 1676 and agenda item ID 9556, skipping roll call
2025-03-19 18:50:01,725 - WARNING - No new agenda item ID found for meeting ID 1676 and agenda item ID 9556, skipping roll call
2025-03-19 18:50:01,725 - WARNING - No new agenda item ID found for meeting ID 1676 and agenda item ID 9556, skipping roll call
2025-03-19 18:50:01,725 - WARNING - No new agenda item ID found for meeting ID 1676 and agenda item ID 9556, skipping roll call
2025-03-19 18:50:02,028 - WARNING - No new agenda item ID found for meeting ID 1666 and agenda item ID 7554, skipping roll call
2025-03-19 18:50:02,029 - WARNING - No new agenda item ID found for meeting ID 1666 and agenda item ID 7554, skipping roll call
2025-03-19 18:50:02,029 - WARNING - No new agenda item ID found for meeting ID 1666 and agenda item ID 7554, skipping roll call
2025-03-19 18:50:02,029 - WARNING - No new agenda item ID found for meeting ID 1666 and agenda item ID 7554, skipping roll call
2025-03-19 18:50:02,475 - WARNING - No new agenda item ID found for meeting ID 4665 and agenda item ID 10554, skipping roll call
2025-03-19 18:50:02,475 - WARNING - No new agenda item ID found for meeting ID 4665 and agenda item ID 10554, skipping roll call
2025-03-19 18:50:02,476 - WARNING - No new agenda item ID found for meeting ID 4665 and agenda item ID 10554, skipping roll call
2025-03-19 18:50:02,476 - WARNING - No new agenda item ID found for meeting ID 4665 and agenda item ID 10555, skipping roll call
2025-03-19 18:50:02,476 - WARNING - No new agenda item ID found for meeting ID 4665 and agenda item ID 10555, skipping roll call
2025-03-19 18:50:02,476 - WARNING - No new agenda item ID found for meeting ID 4665 and agenda item ID 10555, skipping roll call
2025-03-19 18:50:04,824 - WARNING - No new agenda item ID found for meeting ID 953 and agenda item ID 10556, skipping roll call
2025-03-19 18:50:04,824 - WARNING - No new agenda item ID found for meeting ID 953 and agenda item ID 10556, skipping roll call
2025-03-19 18:50:04,824 - WARNING - No new agenda item ID found for meeting ID 953 and agenda item ID 10556, skipping roll call
2025-03-19 18:50:04,824 - WARNING - No new agenda item ID found for meeting ID 953 and agenda item ID 10556, skipping roll call
2025-03-19 18:50:04,824 - WARNING - No new agenda item ID found for meeting ID 953 and agenda item ID 10556, skipping roll call
2025-03-19 18:50:04,825 - WARNING - No new agenda item ID found for meeting ID 953 and agenda item ID 10556, skipping roll call
2025-03-19 18:50:04,825 - WARNING - No new agenda item ID found for meeting ID 953 and agenda item ID 10556, skipping roll call
2025-03-19 18:50:04,825 - WARNING - No new agenda item ID found for meeting ID 953 and agenda item ID 10556, skipping roll call
2025-03-19 18:50:04,825 - WARNING - No new agenda item ID found for meeting ID 953 and agenda item ID 10556, skipping roll call
2025-03-19 18:50:04,825 - WARNING - No new agenda item ID found for meeting ID 953 and agenda item ID 10556, skipping roll call
2025-03-19 18:50:04,826 - WARNING - No new agenda item ID found for meeting ID 953 and agenda item ID 10556, skipping roll call
2025-03-19 18:50:04,826 - WARNING - No new agenda item ID found for meeting ID 953 and agenda item ID 10556, skipping roll call
2025-03-19 18:50:04,826 - WARNING - No new agenda item ID found for meeting ID 953 and agenda item ID 10556, skipping roll call
2025-03-19 18:50:04,826 - WARNING - No new agenda item ID found for meeting ID 953 and agenda item ID 10556, skipping roll call
2025-03-19 18:50:04,826 - WARNING - No new agenda item ID found for meeting ID 953 and agenda item ID 10556, skipping roll call
2025-03-19 18:50:04,826 - WARNING - No new agenda item ID found for meeting ID 953 and agenda item ID 10556, skipping roll call
2025-03-19 18:50:04,827 - WARNING - No new agenda item ID found for meeting ID 953 and agenda item ID 10556, skipping roll call
2025-03-19 18:50:04,827 - WARNING - No new agenda item ID found for meeting ID 953 and agenda item ID 10556, skipping roll call
2025-03-19 18:50:04,877 - WARNING - No new agenda item ID found for meeting ID 948 and agenda item ID 5572, skipping roll call
2025-03-19 18:50:04,877 - WARNING - No new agenda item ID found for meeting ID 948 and agenda item ID 5572, skipping roll call
2025-03-19 18:50:04,878 - WARNING - No new agenda item ID found for meeting ID 948 and agenda item ID 5572, skipping roll call
2025-03-19 18:50:04,878 - WARNING - No new agenda item ID found for meeting ID 948 and agenda item ID 5572, skipping roll call
2025-03-19 18:50:04,878 - WARNING - No new agenda item ID found for meeting ID 948 and agenda item ID 5572, skipping roll call
2025-03-19 18:50:04,878 - WARNING - No new agenda item ID found for meeting ID 948 and agenda item ID 5572, skipping roll call
2025-03-19 18:50:04,878 - WARNING - No new agenda item ID found for meeting ID 948 and agenda item ID 5572, skipping roll call
2025-03-19 18:50:04,878 - WARNING - No new agenda item ID found for meeting ID 948 and agenda item ID 5572, skipping roll call
2025-03-19 18:50:04,878 - WARNING - No new agenda item ID found for meeting ID 948 and agenda item ID 5572, skipping roll call
2025-03-19 18:50:04,879 - WARNING - No new agenda item ID found for meeting ID 948 and agenda item ID 5572, skipping roll call
2025-03-19 18:50:04,879 - WARNING - No new agenda item ID found for meeting ID 948 and agenda item ID 5572, skipping roll call
2025-03-19 18:50:04,879 - WARNING - No new agenda item ID found for meeting ID 948 and agenda item ID 5572, skipping roll call
2025-03-19 18:50:04,879 - WARNING - No new agenda item ID found for meeting ID 948 and agenda item ID 5572, skipping roll call
2025-03-19 18:50:04,879 - WARNING - No new agenda item ID found for meeting ID 948 and agenda item ID 5572, skipping roll call
2025-03-19 18:50:04,879 - WARNING - No new agenda item ID found for meeting ID 948 and agenda item ID 5572, skipping roll call
2025-03-19 18:50:04,879 - WARNING - No new agenda item ID found for meeting ID 948 and agenda item ID 5572, skipping roll call
2025-03-19 18:50:04,880 - WARNING - No new agenda item ID found for meeting ID 948 and agenda item ID 5572, skipping roll call
2025-03-19 18:50:04,880 - WARNING - No new agenda item ID found for meeting ID 948 and agenda item ID 5572, skipping roll call
2025-03-19 18:50:04,880 - WARNING - No new agenda item ID found for meeting ID 948 and agenda item ID 5573, skipping roll call
2025-03-19 18:50:04,880 - WARNING - No new agenda item ID found for meeting ID 948 and agenda item ID 5573, skipping roll call
2025-03-19 18:50:04,880 - WARNING - No new agenda item ID found for meeting ID 948 and agenda item ID 5573, skipping roll call
2025-03-19 18:50:04,880 - WARNING - No new agenda item ID found for meeting ID 948 and agenda item ID 5573, skipping roll call
2025-03-19 18:50:04,881 - WARNING - No new agenda item ID found for meeting ID 948 and agenda item ID 5573, skipping roll call
2025-03-19 18:50:04,881 - WARNING - No new agenda item ID found for meeting ID 948 and agenda item ID 5573, skipping roll call
2025-03-19 18:50:04,881 - WARNING - No new agenda item ID found for meeting ID 948 and agenda item ID 5573, skipping roll call
2025-03-19 18:50:04,881 - WARNING - No new agenda item ID found for meeting ID 948 and agenda item ID 5573, skipping roll call
2025-03-19 18:50:04,881 - WARNING - No new agenda item ID found for meeting ID 948 and agenda item ID 5573, skipping roll call
2025-03-19 18:50:04,882 - WARNING - No new agenda item ID found for meeting ID 948 and agenda item ID 5573, skipping roll call
2025-03-19 18:50:04,882 - WARNING - No new agenda item ID found for meeting ID 948 and agenda item ID 5573, skipping roll call
2025-03-19 18:50:04,882 - WARNING - No new agenda item ID found for meeting ID 948 and agenda item ID 5573, skipping roll call
2025-03-19 18:50:04,882 - WARNING - No new agenda item ID found for meeting ID 948 and agenda item ID 5573, skipping roll call
2025-03-19 18:50:04,882 - WARNING - No new agenda item ID found for meeting ID 948 and agenda item ID 5573, skipping roll call
2025-03-19 18:50:04,883 - WARNING - No new agenda item ID found for meeting ID 948 and agenda item ID 5573, skipping roll call
2025-03-19 18:50:04,883 - WARNING - No new agenda item ID found for meeting ID 948 and agenda item ID 5573, skipping roll call
2025-03-19 18:50:04,883 - WARNING - No new agenda item ID found for meeting ID 948 and agenda item ID 5573, skipping roll call
2025-03-19 18:50:04,883 - WARNING - No new agenda item ID found for meeting ID 948 and agenda item ID 5573, skipping roll call
2025-03-19 18:50:04,883 - WARNING - No new agenda item ID found for meeting ID 948 and agenda item ID 10557, skipping roll call
2025-03-19 18:50:04,883 - WARNING - No new agenda item ID found for meeting ID 948 and agenda item ID 10557, skipping roll call
2025-03-19 18:50:04,884 - WARNING - No new agenda item ID found for meeting ID 948 and agenda item ID 10557, skipping roll call
2025-03-19 18:50:04,884 - WARNING - No new agenda item ID found for meeting ID 948 and agenda item ID 10557, skipping roll call
2025-03-19 18:50:04,884 - WARNING - No new agenda item ID found for meeting ID 948 and agenda item ID 10557, skipping roll call
2025-03-19 18:50:04,884 - WARNING - No new agenda item ID found for meeting ID 948 and agenda item ID 10557, skipping roll call
2025-03-19 18:50:04,884 - WARNING - No new agenda item ID found for meeting ID 948 and agenda item ID 10557, skipping roll call
2025-03-19 18:50:04,884 - WARNING - No new agenda item ID found for meeting ID 948 and agenda item ID 10557, skipping roll call
2025-03-19 18:50:04,885 - WARNING - No new agenda item ID found for meeting ID 948 and agenda item ID 10557, skipping roll call
2025-03-19 18:50:04,885 - WARNING - No new agenda item ID found for meeting ID 948 and agenda item ID 10557, skipping roll call
2025-03-19 18:50:04,885 - WARNING - No new agenda item ID found for meeting ID 948 and agenda item ID 10557, skipping roll call
2025-03-19 18:50:04,886 - WARNING - No new agenda item ID found for meeting ID 948 and agenda item ID 10557, skipping roll call
2025-03-19 18:50:04,886 - WARNING - No new agenda item ID found for meeting ID 948 and agenda item ID 10557, skipping roll call
2025-03-19 18:50:04,886 - WARNING - No new agenda item ID found for meeting ID 948 and agenda item ID 10557, skipping roll call
2025-03-19 18:50:04,886 - WARNING - No new agenda item ID found for meeting ID 948 and agenda item ID 10557, skipping roll call
2025-03-19 18:50:04,887 - WARNING - No new agenda item ID found for meeting ID 948 and agenda item ID 10557, skipping roll call
2025-03-19 18:50:04,887 - WARNING - No new agenda item ID found for meeting ID 948 and agenda item ID 10557, skipping roll call
2025-03-19 18:50:04,887 - WARNING - No new agenda item ID found for meeting ID 948 and agenda item ID 10557, skipping roll call
2025-03-19 18:50:05,080 - WARNING - No new agenda item ID found for meeting ID 4670 and agenda item ID 10558, skipping roll call
2025-03-19 18:50:05,080 - WARNING - No new agenda item ID found for meeting ID 4670 and agenda item ID 10558, skipping roll call
2025-03-19 18:50:05,080 - WARNING - No new agenda item ID found for meeting ID 4670 and agenda item ID 10558, skipping roll call
2025-03-19 18:50:05,081 - WARNING - No new agenda item ID found for meeting ID 4670 and agenda item ID 10558, skipping roll call
2025-03-19 18:50:05,081 - WARNING - No new agenda item ID found for meeting ID 4670 and agenda item ID 10558, skipping roll call
2025-03-19 18:50:05,081 - WARNING - No new agenda item ID found for meeting ID 4670 and agenda item ID 10558, skipping roll call
2025-03-19 18:50:05,081 - WARNING - No new agenda item ID found for meeting ID 4670 and agenda item ID 10558, skipping roll call
2025-03-19 18:50:05,081 - WARNING - No new agenda item ID found for meeting ID 4670 and agenda item ID 10558, skipping roll call
2025-03-19 18:50:05,082 - WARNING - No new agenda item ID found for meeting ID 4670 and agenda item ID 10558, skipping roll call
2025-03-19 18:50:05,082 - WARNING - No new agenda item ID found for meeting ID 4670 and agenda item ID 10558, skipping roll call
2025-03-19 18:50:05,082 - WARNING - No new agenda item ID found for meeting ID 4670 and agenda item ID 10558, skipping roll call
2025-03-19 18:50:05,082 - WARNING - No new agenda item ID found for meeting ID 4670 and agenda item ID 10558, skipping roll call
2025-03-19 18:50:05,082 - WARNING - No new agenda item ID found for meeting ID 4670 and agenda item ID 10558, skipping roll call
2025-03-19 18:50:05,082 - WARNING - No new agenda item ID found for meeting ID 4670 and agenda item ID 10558, skipping roll call
2025-03-19 18:50:05,082 - WARNING - No new agenda item ID found for meeting ID 4670 and agenda item ID 10558, skipping roll call
2025-03-19 18:50:05,083 - WARNING - No new agenda item ID found for meeting ID 4670 and agenda item ID 10558, skipping roll call
2025-03-19 18:50:05,083 - WARNING - No new agenda item ID found for meeting ID 4670 and agenda item ID 10558, skipping roll call
2025-03-19 18:50:05,083 - WARNING - No new agenda item ID found for meeting ID 4670 and agenda item ID 10558, skipping roll call
2025-03-19 18:50:05,083 - WARNING - No new agenda item ID found for meeting ID 4668 and agenda item ID 10559, skipping roll call
2025-03-19 18:50:05,083 - WARNING - No new agenda item ID found for meeting ID 4668 and agenda item ID 10559, skipping roll call
2025-03-19 18:50:05,083 - WARNING - No new agenda item ID found for meeting ID 4668 and agenda item ID 10559, skipping roll call
2025-03-19 18:50:05,084 - WARNING - No new agenda item ID found for meeting ID 4668 and agenda item ID 10559, skipping roll call
2025-03-19 18:50:05,084 - WARNING - No new agenda item ID found for meeting ID 4668 and agenda item ID 10559, skipping roll call
2025-03-19 18:50:05,084 - WARNING - No new agenda item ID found for meeting ID 4668 and agenda item ID 10559, skipping roll call
2025-03-19 18:50:05,084 - WARNING - No new agenda item ID found for meeting ID 4668 and agenda item ID 10559, skipping roll call
2025-03-19 18:50:05,084 - WARNING - No new agenda item ID found for meeting ID 4668 and agenda item ID 10559, skipping roll call
2025-03-19 18:50:05,084 - WARNING - No new agenda item ID found for meeting ID 4668 and agenda item ID 10559, skipping roll call
2025-03-19 18:50:05,085 - WARNING - No new agenda item ID found for meeting ID 4668 and agenda item ID 10559, skipping roll call
2025-03-19 18:50:05,085 - WARNING - No new agenda item ID found for meeting ID 4668 and agenda item ID 10559, skipping roll call
2025-03-19 18:50:05,085 - WARNING - No new agenda item ID found for meeting ID 4668 and agenda item ID 10559, skipping roll call
2025-03-19 18:50:05,086 - WARNING - No new agenda item ID found for meeting ID 4668 and agenda item ID 10559, skipping roll call
2025-03-19 18:50:05,086 - WARNING - No new agenda item ID found for meeting ID 4668 and agenda item ID 10559, skipping roll call
2025-03-19 18:50:05,087 - WARNING - No new agenda item ID found for meeting ID 4668 and agenda item ID 10559, skipping roll call
2025-03-19 18:50:05,087 - WARNING - No new agenda item ID found for meeting ID 4668 and agenda item ID 10559, skipping roll call
2025-03-19 18:50:05,088 - WARNING - No new agenda item ID found for meeting ID 4668 and agenda item ID 10559, skipping roll call
2025-03-19 18:50:05,088 - WARNING - No new agenda item ID found for meeting ID 4668 and agenda item ID 10559, skipping roll call
2025-03-19 18:50:05,088 - WARNING - No new agenda item ID found for meeting ID 4669 and agenda item ID 10560, skipping roll call
2025-03-19 18:50:05,089 - WARNING - No new agenda item ID found for meeting ID 4669 and agenda item ID 10560, skipping roll call
2025-03-19 18:50:05,090 - WARNING - No new agenda item ID found for meeting ID 4669 and agenda item ID 10560, skipping roll call
2025-03-19 18:50:05,090 - WARNING - No new agenda item ID found for meeting ID 4669 and agenda item ID 10560, skipping roll call
2025-03-19 18:50:05,091 - WARNING - No new agenda item ID found for meeting ID 4669 and agenda item ID 10560, skipping roll call
2025-03-19 18:50:05,091 - WARNING - No new agenda item ID found for meeting ID 4669 and agenda item ID 10560, skipping roll call
2025-03-19 18:50:05,091 - WARNING - No new agenda item ID found for meeting ID 4669 and agenda item ID 10560, skipping roll call
2025-03-19 18:50:05,092 - WARNING - No new agenda item ID found for meeting ID 4669 and agenda item ID 10560, skipping roll call
2025-03-19 18:50:05,092 - WARNING - No new agenda item ID found for meeting ID 4669 and agenda item ID 10560, skipping roll call
2025-03-19 18:50:05,093 - WARNING - No new agenda item ID found for meeting ID 4669 and agenda item ID 10560, skipping roll call
2025-03-19 18:50:05,093 - WARNING - No new agenda item ID found for meeting ID 4669 and agenda item ID 10560, skipping roll call
2025-03-19 18:50:05,093 - WARNING - No new agenda item ID found for meeting ID 4669 and agenda item ID 10560, skipping roll call
2025-03-19 18:50:05,094 - WARNING - No new agenda item ID found for meeting ID 4669 and agenda item ID 10560, skipping roll call
2025-03-19 18:50:05,094 - WARNING - No new agenda item ID found for meeting ID 4669 and agenda item ID 10560, skipping roll call
2025-03-19 18:50:05,094 - WARNING - No new agenda item ID found for meeting ID 4669 and agenda item ID 10560, skipping roll call
2025-03-19 18:50:05,095 - WARNING - No new agenda item ID found for meeting ID 4669 and agenda item ID 10560, skipping roll call
2025-03-19 18:50:05,095 - WARNING - No new agenda item ID found for meeting ID 4669 and agenda item ID 10560, skipping roll call
2025-03-19 18:50:05,095 - WARNING - No new agenda item ID found for meeting ID 4669 and agenda item ID 10560, skipping roll call
2025-03-19 18:50:05,828 - INFO - Inserted 1404 roll call records, 0 published
2025-03-19 18:50:05,828 - INFO - Skipped 202 roll calls due to missing agenda item mapping
2025-03-19 18:50:05,828 - INFO - Failed to insert 0 roll calls due to errors
2025-03-19 18:50:05,829 - INFO - Transaction committed
2025-03-19 18:50:05,829 - INFO - === POST-DEPLOYMENT DATA COUNTS ===
2025-03-19 18:50:05,829 - INFO - Committee Reports: 52
2025-03-19 18:50:05,829 - INFO - Agenda Items: 209
2025-03-19 18:50:05,830 - INFO - Removed Agenda Items: 19
2025-03-19 18:50:05,830 - INFO - Published Agenda Items: 23
2025-03-19 18:50:05,830 - INFO - Roll Calls: 1404
2025-03-19 18:50:05,830 - INFO - Published Roll Calls: 0
2025-03-19 18:50:05,830 - INFO - Agenda Item Actions: 16
2025-03-19 18:50:05,830 - INFO - Published Agenda Item Actions: 2
2025-03-19 18:50:05,830 - INFO - === DATA COMPARISON (POST vs PRE) ===
2025-03-19 18:50:05,831 - INFO - COMMITTEE_REPORTS: PRE=52, POST=52, DIFF=0 - MATCHED
2025-03-19 18:50:05,831 - INFO - AGENDA_ITEMS: PRE=209, POST=209, DIFF=0 - MATCHED
2025-03-19 18:50:05,831 - INFO - REMOVED_AGENDA_ITEMS: PRE=19, POST=19, DIFF=0 - MATCHED
2025-03-19 18:50:05,831 - INFO - PUBLISHED_AGENDA_ITEMS: PRE=34, POST=23, DIFF=-11 - MISMATCH
2025-03-19 18:50:05,831 - WARNING - Count mismatch for published_agenda_items: expected 34, got 23
2025-03-19 18:50:05,832 - INFO - ROLL_CALLS: PRE=1606, POST=1404, DIFF=-202 - MISMATCH
2025-03-19 18:50:05,832 - WARNING - Count mismatch for roll_calls: expected 1606, got 1404
2025-03-19 18:50:05,832 - INFO - PUBLISHED_ROLL_CALLS: PRE=0, POST=0, DIFF=0 - MATCHED
2025-03-19 18:50:05,832 - INFO - AGENDA_ITEM_ACTIONS: PRE=14, POST=16, DIFF=2 - MISMATCH
2025-03-19 18:50:05,832 - WARNING - Count mismatch for agenda_item_actions: expected 14, got 16
2025-03-19 18:50:05,832 - INFO - PUBLISHED_AGENDA_ITEM_ACTIONS: PRE=2, POST=2, DIFF=0 - MATCHED
2025-03-19 18:50:05,833 - INFO - TOTAL RECORDS: PRE=1936, POST=1725, DIFF=-211
2025-03-19 18:50:05,833 - INFO - All data restored successfully
2025-03-19 18:50:05,834 - INFO - Database connection closed
2025-03-19 18:50:05,834 - INFO - Post-deployment data restoration completed successfully
