2025-04-14 16:58:53,484 - INFO - Starting pre-deployment data gathering
2025-04-14 16:58:53,569 - INFO - Database connection established
2025-04-14 16:58:53,588 - INFO - Database connection established
2025-04-14 16:58:53,589 - INFO - Gathering committee reports...
2025-04-14 16:58:53,599 - INFO - Found 80 meetings with committee reports
2025-04-14 16:58:53,600 - INFO - Gathering committee meeting agenda items for these meetings...
2025-04-14 16:58:53,604 - INFO - Found 229 agenda items connected to meetings with committee reports
2025-04-14 16:58:53,604 - INFO - Gathering additional meeting and committee information...
2025-04-14 16:58:53,611 - INFO - appending committee info to 229 agenda items
2025-04-14 16:58:53,612 - INFO - Gathering CommitteeReportPublishedItems...
2025-04-14 16:58:53,613 - INFO - Gathered 3 CommitteeReportPublishedItems.
2025-04-14 16:58:53,614 - INFO - Marked 3 published agenda items.
2025-04-14 16:58:53,614 - INFO - Gathering CommitteeReportCommitteeActionToAgendaItems...
2025-04-14 16:58:53,615 - INFO - Gathered 5 action to agenda items.
2025-04-14 16:58:53,615 - INFO - Gathering CommitteeReportPublishedActions...
2025-04-14 16:58:53,617 - INFO - Gathered 5 CommitteeReportPublishedActions.
2025-04-14 16:58:53,617 - INFO - === PRE-DEPLOYMENT DATA COUNTS ===
2025-04-14 16:58:53,617 - INFO - COMMITTEE_REPORTS: 80
2025-04-14 16:58:53,617 - INFO - AGENDA_ITEMS: 229
2025-04-14 16:58:53,618 - INFO - PUBLISHED_AGENDA_ITEMS: 3
2025-04-14 16:58:53,618 - INFO - ROLL_CALLS: 0
2025-04-14 16:58:53,618 - INFO - PUBLISHED_ROLL_CALLS: 0
2025-04-14 16:58:53,618 - INFO - AGENDA_ITEM_ACTIONS: 5
2025-04-14 16:58:53,618 - INFO - PUBLISHED_AGENDA_ITEM_ACTIONS: 5
2025-04-14 16:58:53,621 - INFO - Database connection closed
2025-04-14 16:58:53,623 - INFO - Database connection closed
2025-04-14 16:58:53,632 - INFO - Data saved to migration_data.json
2025-04-14 16:58:53,632 - INFO - Pre-deployment data gathering completed successfully and saved to migration_data.json
