2025-04-14 16:44:06,468 - INFO - Starting pre-deployment data gathering
2025-04-14 16:44:06,501 - INFO - Database connection established
2025-04-14 16:44:06,515 - INFO - Database connection established
2025-04-14 16:44:06,515 - INFO - Gathering committee reports...
2025-04-14 16:44:06,522 - INFO - Found 80 meetings with committee reports
2025-04-14 16:44:06,522 - INFO - Gathering committee meeting agenda items for these meetings...
2025-04-14 16:44:06,525 - INFO - Found 229 agenda items connected to meetings with committee reports
2025-04-14 16:44:06,526 - INFO - Gathering additional meeting and committee information...
2025-04-14 16:44:06,531 - INFO - Gathering CommitteeReportPublishedItems...
2025-04-14 16:44:06,532 - INFO - Gathered 3 CommitteeReportPublishedItems.
2025-04-14 16:44:06,544 - INFO - Marked 3 published agenda items.
2025-04-14 16:44:06,549 - INFO - Gathering CommitteeReportCommitteeActionToAgendaItems...
2025-04-14 16:44:06,551 - INFO - Gathered 5 action to agenda items.
2025-04-14 16:44:06,551 - INFO - Gathering CommitteeReportPublishedActions...
2025-04-14 16:44:06,553 - INFO - Gathered 5 CommitteeReportPublishedActions.
2025-04-14 16:44:06,553 - INFO - === PRE-DEPLOYMENT DATA COUNTS ===
2025-04-14 16:44:06,553 - INFO - COMMITTEE_REPORTS: 0
2025-04-14 16:44:06,553 - INFO - AGENDA_ITEMS: 0
2025-04-14 16:44:06,553 - INFO - PUBLISHED_AGENDA_ITEMS: 3
2025-04-14 16:44:06,554 - INFO - ROLL_CALLS: 0
2025-04-14 16:44:06,554 - INFO - PUBLISHED_ROLL_CALLS: 0
2025-04-14 16:44:06,554 - INFO - AGENDA_ITEM_ACTIONS: 0
2025-04-14 16:44:06,554 - INFO - PUBLISHED_AGENDA_ITEM_ACTIONS: 0
2025-04-14 16:44:06,556 - INFO - Database connection closed
2025-04-14 16:44:06,558 - INFO - Database connection closed
2025-04-14 16:44:06,567 - INFO - Data saved to migration_data.json
2025-04-14 16:44:06,567 - INFO - Pre-deployment data gathering completed successfully and saved to migration_data.json
