2025-04-11 14:44:36,572 - INFO - Starting pre-deployment data gathering
2025-04-11 14:44:36,610 - INFO - Database connection established
2025-04-11 14:44:36,624 - INFO - Database connection established
2025-04-11 14:44:36,625 - INFO - Gathering committee reports...
2025-04-11 14:44:36,635 - INFO - Gathering member roll calls...
2025-04-11 14:44:36,636 - INFO - Gathering committee action to agenda items...
2025-04-11 14:44:36,636 - INFO - Gathering published actions...
2025-04-11 14:44:36,636 - INFO - Gathering published items...
2025-04-11 14:44:36,636 - INFO - Gathering removed agenda items...
2025-04-11 14:44:36,637 - INFO - Gathering agenda items...
2025-04-11 14:44:36,638 - INFO - Gathering attendance records...
2025-04-11 14:44:36,638 - INFO - Gathering joint committees...
2025-04-11 14:44:36,638 - INFO - === PRE-DEPLOYMENT DATA COUNTS ===
2025-04-11 14:44:36,638 - INFO - COMMITTEE_REPORTS: 0
2025-04-11 14:44:36,638 - INFO - AGENDA_ITEMS: 0
2025-04-11 14:44:36,638 - INFO - REMOVED_AGENDA_ITEMS: 0
2025-04-11 14:44:36,638 - INFO - PUBLISHED_AGENDA_ITEMS: 0
2025-04-11 14:44:36,639 - INFO - ROLL_CALLS: 0
2025-04-11 14:44:36,639 - INFO - PUBLISHED_ROLL_CALLS: 0
2025-04-11 14:44:36,639 - INFO - AGENDA_ITEM_ACTIONS: 0
2025-04-11 14:44:36,639 - INFO - PUBLISHED_AGENDA_ITEM_ACTIONS: 0
2025-04-11 14:44:36,641 - INFO - Database connection closed
2025-04-11 14:44:36,643 - INFO - Database connection closed
2025-04-11 14:44:36,644 - INFO - Data saved to migration_data.json
2025-04-11 14:44:36,644 - INFO - Pre-deployment data gathering completed successfully and saved to migration_data.json
