2025-04-11 14:50:02,274 - INFO - Starting pre-deployment data gathering
2025-04-11 14:50:02,312 - INFO - Database connection established
2025-04-11 14:50:02,327 - INFO - Database connection established
2025-04-11 14:50:02,327 - INFO - Gathering committee reports...
2025-04-11 14:50:02,343 - INFO - Gathering member roll calls...
2025-04-11 14:50:02,343 - INFO - Gathering committee action to agenda items...
2025-04-11 14:50:02,343 - INFO - Gathering published actions...
2025-04-11 14:50:02,343 - INFO - Gathering published items...
2025-04-11 14:50:02,344 - INFO - Gathering removed agenda items...
2025-04-11 14:50:02,345 - INFO - Gathering agenda items...
2025-04-11 14:50:02,345 - INFO - Gathering attendance records...
2025-04-11 14:50:02,345 - INFO - Gathering joint committees...
2025-04-11 14:50:02,345 - INFO - === PRE-DEPLOYMENT DATA COUNTS ===
2025-04-11 14:50:02,346 - INFO - COMMITTEE_REPORTS: 0
2025-04-11 14:50:02,346 - INFO - AGENDA_ITEMS: 0
2025-04-11 14:50:02,346 - INFO - REMOVED_AGENDA_ITEMS: 0
2025-04-11 14:50:02,346 - INFO - PUBLISHED_AGENDA_ITEMS: 0
2025-04-11 14:50:02,346 - INFO - ROLL_CALLS: 0
2025-04-11 14:50:02,346 - INFO - PUBLISHED_ROLL_CALLS: 0
2025-04-11 14:50:02,346 - INFO - AGENDA_ITEM_ACTIONS: 0
2025-04-11 14:50:02,346 - INFO - PUBLISHED_AGENDA_ITEM_ACTIONS: 0
2025-04-11 14:50:02,349 - INFO - Database connection closed
2025-04-11 14:50:02,353 - INFO - Database connection closed
2025-04-11 14:50:02,353 - INFO - Data saved to migration_data.json
2025-04-11 14:50:02,354 - INFO - Pre-deployment data gathering completed successfully and saved to migration_data.json
