2025-04-11 14:50:24,209 - INFO - Starting pre-deployment data gathering
2025-04-11 14:50:24,247 - INFO - Database connection established
2025-04-11 14:50:24,264 - INFO - Database connection established
2025-04-11 14:50:24,264 - INFO - Gathering committee reports...
2025-04-11 14:50:24,273 - INFO - Gathering member roll calls...
2025-04-11 14:50:24,273 - INFO - Gathering committee action to agenda items...
2025-04-11 14:50:24,273 - INFO - Gathering published actions...
2025-04-11 14:50:24,274 - INFO - Gathering published items...
2025-04-11 14:50:24,274 - INFO - Gathering removed agenda items...
2025-04-11 14:50:24,276 - INFO - Gathering agenda items...
2025-04-11 14:50:24,277 - INFO - Gathering attendance records...
2025-04-11 14:50:24,277 - INFO - Gathering joint committees...
2025-04-11 14:50:24,277 - INFO - === PRE-DEPLOYMENT DATA COUNTS ===
2025-04-11 14:50:24,277 - INFO - COMMITTEE_REPORTS: 0
2025-04-11 14:50:24,278 - INFO - AGENDA_ITEMS: 0
2025-04-11 14:50:24,278 - INFO - REMOVED_AGENDA_ITEMS: 0
2025-04-11 14:50:24,278 - INFO - PUBLISHED_AGENDA_ITEMS: 0
2025-04-11 14:50:24,278 - INFO - ROLL_CALLS: 0
2025-04-11 14:50:24,278 - INFO - PUBLISHED_ROLL_CALLS: 0
2025-04-11 14:50:24,278 - INFO - AGENDA_ITEM_ACTIONS: 0
2025-04-11 14:50:24,278 - INFO - PUBLISHED_AGENDA_ITEM_ACTIONS: 0
2025-04-11 14:50:24,280 - INFO - Database connection closed
2025-04-11 14:50:24,283 - INFO - Database connection closed
2025-04-11 14:50:24,283 - INFO - Data saved to migration_data.json
2025-04-11 14:50:24,284 - INFO - Pre-deployment data gathering completed successfully and saved to migration_data.json
