2025-04-11 14:50:55,817 - INFO - Starting pre-deployment data gathering
2025-04-11 14:50:55,898 - INFO - Database connection established
2025-04-11 14:50:55,914 - INFO - Database connection established
2025-04-11 14:50:55,914 - INFO - Gathering committee reports...
2025-04-11 14:50:55,931 - INFO - Gathering member roll calls...
2025-04-11 14:50:55,931 - INFO - Gathering committee action to agenda items...
2025-04-11 14:50:55,932 - INFO - Gathering published actions...
2025-04-11 14:50:55,932 - INFO - Gathering published items...
2025-04-11 14:50:55,932 - INFO - Gathering removed agenda items...
2025-04-11 14:50:55,932 - INFO - Gathering agenda items...
2025-04-11 14:50:55,933 - INFO - Gathering attendance records...
2025-04-11 14:50:55,933 - INFO - Gathering joint committees...
2025-04-11 14:50:55,933 - INFO - === PRE-DEPLOYMENT DATA COUNTS ===
2025-04-11 14:50:55,933 - INFO - COMMITTEE_REPORTS: 0
2025-04-11 14:50:55,934 - INFO - AGENDA_ITEMS: 0
2025-04-11 14:50:55,934 - INFO - REMOVED_AGENDA_ITEMS: 0
2025-04-11 14:50:55,934 - INFO - PUBLISHED_AGENDA_ITEMS: 0
2025-04-11 14:50:55,934 - INFO - ROLL_CALLS: 0
2025-04-11 14:50:55,935 - INFO - PUBLISHED_ROLL_CALLS: 0
2025-04-11 14:50:55,935 - INFO - AGENDA_ITEM_ACTIONS: 0
2025-04-11 14:50:55,935 - INFO - PUBLISHED_AGENDA_ITEM_ACTIONS: 0
2025-04-11 14:50:55,938 - INFO - Database connection closed
2025-04-11 14:50:55,942 - INFO - Database connection closed
2025-04-11 14:50:55,942 - INFO - Data saved to migration_data.json
2025-04-11 14:50:55,943 - INFO - Pre-deployment data gathering completed successfully and saved to migration_data.json
